#Software: Microsoft Internet Information Services 8.5
#Version: 1.0
#Date: 2019-05-08 09:23:26
#Fields: date time s-ip cs-method cs-uri-stem cs-uri-query s-port cs-username c-ip cs(User-Agent) cs(Referer) sc-status sc-substatus sc-win32-status time-taken
2019-05-08 09:23:26 192.168.36.10 GET /play_file/MPC031 - 3000 - 192.168.36.51 Mozilla/5.0+(X11;+Linux+armv7l)+AppleWebKit/537.36+(KHTML,+like+Gecko)+Raspbian+Chromium/72.0.3626.121+Chrome/72.0.3626.121+Safari/537.36 - 200 0 0 3015
2019-05-08 09:23:26 192.168.36.10 GET /css/style.css - 3000 - 192.168.36.51 Mozilla/5.0+(X11;+Linux+armv7l)+AppleWebKit/537.36+(KHTML,+like+Gecko)+Raspbian+Chromium/72.0.3626.121+Chrome/72.0.3626.121+Safari/537.36 http://paperless.tvn:3000/play_file/MPC031 200 0 0 0
2019-05-08 09:23:26 192.168.36.10 GET /css/vuetify.min.css - 3000 - 192.168.36.51 Mozilla/5.0+(X11;+Linux+armv7l)+AppleWebKit/537.36+(KHTML,+like+Gecko)+Raspbian+Chromium/72.0.3626.121+Chrome/72.0.3626.121+Safari/537.36 http://paperless.tvn:3000/play_file/MPC031 200 0 0 31
2019-05-08 09:23:26 192.168.36.10 GET /js/socket.js - 3000 - 192.168.36.51 Mozilla/5.0+(X11;+Linux+armv7l)+AppleWebKit/537.36+(KHTML,+like+Gecko)+Raspbian+Chromium/72.0.3626.121+Chrome/72.0.3626.121+Safari/537.36 http://paperless.tvn:3000/play_file/MPC031 200 0 0 31
2019-05-08 09:23:26 192.168.36.10 GET /js/app.js v=451800 3000 - 192.168.36.51 Mozilla/5.0+(X11;+Linux+armv7l)+AppleWebKit/537.36+(KHTML,+like+Gecko)+Raspbian+Chromium/72.0.3626.121+Chrome/72.0.3626.121+Safari/537.36 http://paperless.tvn:3000/play_file/MPC031 200 0 0 203
2019-05-08 09:23:27 192.168.36.10 GET /caea2069e49027dc50b6.worker.js - 3000 - 192.168.36.51 Mozilla/5.0+(X11;+Linux+armv7l)+AppleWebKit/537.36+(KHTML,+like+Gecko)+Raspbian+Chromium/72.0.3626.121+Chrome/72.0.3626.121+Safari/537.36 http://paperless.tvn:3000/play_file/MPC031 200 0 0 78
2019-05-08 09:23:27 192.168.36.10 GET /favicon.ico - 3000 - 192.168.36.51 Mozilla/5.0+(X11;+Linux+armv7l)+AppleWebKit/537.36+(KHTML,+like+Gecko)+Raspbian+Chromium/72.0.3626.121+Chrome/72.0.3626.121+Safari/537.36 http://paperless.tvn:3000/play_file/MPC031 200 0 0 0
2019-05-08 09:24:40 192.168.36.10 GET /play_file/MPC031 - 3000 - 192.168.36.51 Mozilla/5.0+(X11;+Linux+armv7l)+AppleWebKit/537.36+(KHTML,+like+Gecko)+Raspbian+Chromium/72.0.3626.121+Chrome/72.0.3626.121+Safari/537.36 - 200 0 0 187
2019-05-08 09:24:40 192.168.36.10 GET /css/style.css - 3000 - 192.168.36.51 Mozilla/5.0+(X11;+Linux+armv7l)+AppleWebKit/537.36+(KHTML,+like+Gecko)+Raspbian+Chromium/72.0.3626.121+Chrome/72.0.3626.121+Safari/537.36 http://paperless.tvn:3000/play_file/MPC031 200 0 0 0
2019-05-08 09:24:40 192.168.36.10 GET /js/socket.js - 3000 - 192.168.36.51 Mozilla/5.0+(X11;+Linux+armv7l)+AppleWebKit/537.36+(KHTML,+like+Gecko)+Raspbian+Chromium/72.0.3626.121+Chrome/72.0.3626.121+Safari/537.36 http://paperless.tvn:3000/play_file/MPC031 200 0 0 0
2019-05-08 09:24:40 192.168.36.10 GET /css/vuetify.min.css - 3000 - 192.168.36.51 Mozilla/5.0+(X11;+Linux+armv7l)+AppleWebKit/537.36+(KHTML,+like+Gecko)+Raspbian+Chromium/72.0.3626.121+Chrome/72.0.3626.121+Safari/537.36 http://paperless.tvn:3000/play_file/MPC031 200 0 0 46
2019-05-08 09:24:40 192.168.36.10 GET /js/app.js v=451800 3000 - 192.168.36.51 Mozilla/5.0+(X11;+Linux+armv7l)+AppleWebKit/537.36+(KHTML,+like+Gecko)+Raspbian+Chromium/72.0.3626.121+Chrome/72.0.3626.121+Safari/537.36 http://paperless.tvn:3000/play_file/MPC031 200 0 0 250
2019-05-08 09:24:42 192.168.36.10 GET /caea2069e49027dc50b6.worker.js - 3000 - 192.168.36.51 Mozilla/5.0+(X11;+Linux+armv7l)+AppleWebKit/537.36+(KHTML,+like+Gecko)+Raspbian+Chromium/72.0.3626.121+Chrome/72.0.3626.121+Safari/537.36 http://paperless.tvn:3000/play_file/MPC031 200 0 0 78
2019-05-08 09:24:42 192.168.36.10 GET /favicon.ico - 3000 - 192.168.36.51 Mozilla/5.0+(X11;+Linux+armv7l)+AppleWebKit/537.36+(KHTML,+like+Gecko)+Raspbian+Chromium/72.0.3626.121+Chrome/72.0.3626.121+Safari/537.36 http://paperless.tvn:3000/play_file/MPC031 200 0 0 0
2019-05-08 09:25:36 ::1 GET / - 3000 - ::1 Mozilla/5.0+(Windows+NT+6.3;+Win64;+x64)+AppleWebKit/537.36+(KHTML,+like+Gecko)+Chrome/74.0.3729.131+Safari/537.36 - 302 0 0 342
2019-05-08 09:25:36 ::1 GET /login - 3000 - ::1 Mozilla/5.0+(Windows+NT+6.3;+Win64;+x64)+AppleWebKit/537.36+(KHTML,+like+Gecko)+Chrome/74.0.3729.131+Safari/537.36 - 200 0 0 148
2019-05-08 09:25:49 ::1 POST /login - 3000 - ::1 Mozilla/5.0+(Windows+NT+6.3;+Win64;+x64)+AppleWebKit/537.36+(KHTML,+like+Gecko)+Chrome/74.0.3729.131+Safari/537.36 http://localhost:3000/login 302 0 0 372
2019-05-08 09:25:49 ::1 GET /play_file - 3000 - ::1 Mozilla/5.0+(Windows+NT+6.3;+Win64;+x64)+AppleWebKit/537.36+(KHTML,+like+Gecko)+Chrome/74.0.3729.131+Safari/537.36 http://localhost:3000/login 200 0 0 257
2019-05-08 09:25:50 ::1 GET /api/playfile/des - 3000 - ::1 Mozilla/5.0+(Windows+NT+6.3;+Win64;+x64)+AppleWebKit/537.36+(KHTML,+like+Gecko)+Chrome/74.0.3729.131+Safari/537.36 http://localhost:3000/play_file 200 0 0 326
2019-05-08 09:25:50 ::1 GET /api/current-user - 3000 - ::1 Mozilla/5.0+(Windows+NT+6.3;+Win64;+x64)+AppleWebKit/537.36+(KHTML,+like+Gecko)+Chrome/74.0.3729.131+Safari/537.36 http://localhost:3000/play_file 200 0 0 374
2019-05-08 09:25:50 ::1 GET /api/setting/default_time - 3000 - ::1 Mozilla/5.0+(Windows+NT+6.3;+Win64;+x64)+AppleWebKit/537.36+(KHTML,+like+Gecko)+Chrome/74.0.3729.131+Safari/537.36 http://localhost:3000/play_file 200 0 0 388
2019-05-08 09:25:50 ::1 GET /api/current-user - 3000 - ::1 Mozilla/5.0+(Windows+NT+6.3;+Win64;+x64)+AppleWebKit/537.36+(KHTML,+like+Gecko)+Chrome/74.0.3729.131+Safari/537.36 http://localhost:3000/play_file 200 0 0 241
2019-05-08 09:25:50 ::1 GET /api/department/ - 3000 - ::1 Mozilla/5.0+(Windows+NT+6.3;+Win64;+x64)+AppleWebKit/537.36+(KHTML,+like+Gecko)+Chrome/74.0.3729.131+Safari/537.36 http://localhost:3000/play_file 200 0 0 174
2019-05-08 09:25:57 ::1 GET /api/line/ - 3000 - ::1 Mozilla/5.0+(Windows+NT+6.3;+Win64;+x64)+AppleWebKit/537.36+(KHTML,+like+Gecko)+Chrome/74.0.3729.131+Safari/537.36 http://localhost:3000/line 200 0 0 210
2019-05-08 09:25:57 ::1 GET /api/department/ - 3000 - ::1 Mozilla/5.0+(Windows+NT+6.3;+Win64;+x64)+AppleWebKit/537.36+(KHTML,+like+Gecko)+Chrome/74.0.3729.131+Safari/537.36 http://localhost:3000/line 200 0 0 360
2019-05-08 09:26:07 ::1 GET /api/department/ - 3000 - ::1 Mozilla/5.0+(Windows+NT+6.3;+Win64;+x64)+AppleWebKit/537.36+(KHTML,+like+Gecko)+Chrome/74.0.3729.131+Safari/537.36 http://localhost:3000/micro_pc 200 0 0 229
2019-05-08 09:26:07 ::1 GET /api/micro_pc/ - 3000 - ::1 Mozilla/5.0+(Windows+NT+6.3;+Win64;+x64)+AppleWebKit/537.36+(KHTML,+like+Gecko)+Chrome/74.0.3729.131+Safari/537.36 http://localhost:3000/micro_pc 200 0 0 240
2019-05-08 09:26:07 ::1 GET /api/department/ - 3000 - ::1 Mozilla/5.0+(Windows+NT+6.3;+Win64;+x64)+AppleWebKit/537.36+(KHTML,+like+Gecko)+Chrome/74.0.3729.131+Safari/537.36 http://localhost:3000/micro_pc 200 0 0 405
2019-05-08 09:26:27 ::1 GET /api/current-user - 3000 - ::1 Mozilla/5.0+(Windows+NT+6.3;+Win64;+x64)+AppleWebKit/537.36+(KHTML,+like+Gecko)+Chrome/74.0.3729.131+Safari/537.36 http://localhost:3000/play_file 200 0 0 350
2019-05-08 09:26:27 ::1 GET /api/playfile/des - 3000 - ::1 Mozilla/5.0+(Windows+NT+6.3;+Win64;+x64)+AppleWebKit/537.36+(KHTML,+like+Gecko)+Chrome/74.0.3729.131+Safari/537.36 http://localhost:3000/play_file 200 0 0 399
2019-05-08 09:26:27 ::1 GET /api/setting/default_time - 3000 - ::1 Mozilla/5.0+(Windows+NT+6.3;+Win64;+x64)+AppleWebKit/537.36+(KHTML,+like+Gecko)+Chrome/74.0.3729.131+Safari/537.36 http://localhost:3000/play_file 200 0 0 545
2019-05-08 09:26:27 ::1 GET /api/department/ - 3000 - ::1 Mozilla/5.0+(Windows+NT+6.3;+Win64;+x64)+AppleWebKit/537.36+(KHTML,+like+Gecko)+Chrome/74.0.3729.131+Safari/537.36 http://localhost:3000/play_file 200 0 0 304
2019-05-08 09:26:37 ::1 GET /api/line/department/3 - 3000 - ::1 Mozilla/5.0+(Windows+NT+6.3;+Win64;+x64)+AppleWebKit/537.36+(KHTML,+like+Gecko)+Chrome/74.0.3729.131+Safari/537.36 http://localhost:3000/play_file 200 0 0 241
2019-05-08 09:26:39 ::1 GET /api/line/1 - 3000 - ::1 Mozilla/5.0+(Windows+NT+6.3;+Win64;+x64)+AppleWebKit/537.36+(KHTML,+like+Gecko)+Chrome/74.0.3729.131+Safari/537.36 http://localhost:3000/play_file 200 0 0 199
2019-05-08 09:26:39 ::1 GET /api/line/1/micros - 3000 - ::1 Mozilla/5.0+(Windows+NT+6.3;+Win64;+x64)+AppleWebKit/537.36+(KHTML,+like+Gecko)+Chrome/74.0.3729.131+Safari/537.36 http://localhost:3000/play_file 200 0 0 196
2019-05-08 09:26:59 ::1 GET /api/line/department/6 - 3000 - ::1 Mozilla/5.0+(Windows+NT+6.3;+Win64;+x64)+AppleWebKit/537.36+(KHTML,+like+Gecko)+Chrome/74.0.3729.131+Safari/537.36 http://localhost:3000/play_file 200 0 0 249
2019-05-08 09:27:01 ::1 GET /api/line/2/micros - 3000 - ::1 Mozilla/5.0+(Windows+NT+6.3;+Win64;+x64)+AppleWebKit/537.36+(KHTML,+like+Gecko)+Chrome/74.0.3729.131+Safari/537.36 http://localhost:3000/play_file 200 0 0 202
2019-05-08 09:27:01 ::1 GET /api/line/2 - 3000 - ::1 Mozilla/5.0+(Windows+NT+6.3;+Win64;+x64)+AppleWebKit/537.36+(KHTML,+like+Gecko)+Chrome/74.0.3729.131+Safari/537.36 http://localhost:3000/play_file 200 0 0 249
2019-05-08 09:27:24 ::1 GET /api/department/ - 3000 - ::1 Mozilla/5.0+(Windows+NT+6.3;+Win64;+x64)+AppleWebKit/537.36+(KHTML,+like+Gecko)+Chrome/74.0.3729.131+Safari/537.36 http://localhost:3000/micro_pc 200 0 0 238
2019-05-08 09:27:24 ::1 GET /api/micro_pc/ - 3000 - ::1 Mozilla/5.0+(Windows+NT+6.3;+Win64;+x64)+AppleWebKit/537.36+(KHTML,+like+Gecko)+Chrome/74.0.3729.131+Safari/537.36 http://localhost:3000/micro_pc 200 0 0 273
2019-05-08 09:27:24 ::1 GET /api/department/ - 3000 - ::1 Mozilla/5.0+(Windows+NT+6.3;+Win64;+x64)+AppleWebKit/537.36+(KHTML,+like+Gecko)+Chrome/74.0.3729.131+Safari/537.36 http://localhost:3000/micro_pc 200 0 0 420
2019-05-08 09:28:28 ::1 POST /api/micro_pc/ - 3000 - ::1 Mozilla/5.0+(Windows+NT+6.3;+Win64;+x64)+AppleWebKit/537.36+(KHTML,+like+Gecko)+Chrome/74.0.3729.131+Safari/537.36 http://localhost:3000/micro_pc 422 0 0 295
2019-05-08 09:29:12 ::1 POST /api/micro_pc/ - 3000 - ::1 Mozilla/5.0+(Windows+NT+6.3;+Win64;+x64)+AppleWebKit/537.36+(KHTML,+like+Gecko)+Chrome/74.0.3729.131+Safari/537.36 http://localhost:3000/micro_pc 200 0 0 244
2019-05-08 09:29:12 ::1 GET /api/micro_pc/ - 3000 - ::1 Mozilla/5.0+(Windows+NT+6.3;+Win64;+x64)+AppleWebKit/537.36+(KHTML,+like+Gecko)+Chrome/74.0.3729.131+Safari/537.36 http://localhost:3000/micro_pc 200 0 0 271
2019-05-08 09:30:40 ::1 GET /api/playfile/des - 3000 - ::1 Mozilla/5.0+(Windows+NT+6.3;+Win64;+x64)+AppleWebKit/537.36+(KHTML,+like+Gecko)+Chrome/74.0.3729.131+Safari/537.36 http://localhost:3000/play_file 200 0 0 528
2019-05-08 09:30:40 ::1 GET /api/current-user - 3000 - ::1 Mozilla/5.0+(Windows+NT+6.3;+Win64;+x64)+AppleWebKit/537.36+(KHTML,+like+Gecko)+Chrome/74.0.3729.131+Safari/537.36 http://localhost:3000/play_file 200 0 0 543
2019-05-08 09:30:40 ::1 GET /api/setting/default_time - 3000 - ::1 Mozilla/5.0+(Windows+NT+6.3;+Win64;+x64)+AppleWebKit/537.36+(KHTML,+like+Gecko)+Chrome/74.0.3729.131+Safari/537.36 http://localhost:3000/play_file 200 0 0 591
2019-05-08 09:30:40 ::1 GET /api/department/ - 3000 - ::1 Mozilla/5.0+(Windows+NT+6.3;+Win64;+x64)+AppleWebKit/537.36+(KHTML,+like+Gecko)+Chrome/74.0.3729.131+Safari/537.36 http://localhost:3000/play_file 200 0 0 209
2019-05-08 09:30:43 ::1 GET /api/line/department/2 - 3000 - ::1 Mozilla/5.0+(Windows+NT+6.3;+Win64;+x64)+AppleWebKit/537.36+(KHTML,+like+Gecko)+Chrome/74.0.3729.131+Safari/537.36 http://localhost:3000/play_file 200 0 0 263
2019-05-08 09:30:53 ::1 GET /api/department/ - 3000 - ::1 Mozilla/5.0+(Windows+NT+6.3;+Win64;+x64)+AppleWebKit/537.36+(KHTML,+like+Gecko)+Chrome/74.0.3729.131+Safari/537.36 http://localhost:3000/micro_pc 200 0 0 251
2019-05-08 09:30:53 ::1 GET /api/micro_pc/ - 3000 - ::1 Mozilla/5.0+(Windows+NT+6.3;+Win64;+x64)+AppleWebKit/537.36+(KHTML,+like+Gecko)+Chrome/74.0.3729.131+Safari/537.36 http://localhost:3000/micro_pc 200 0 0 258
2019-05-08 09:30:53 ::1 GET /api/department/ - 3000 - ::1 Mozilla/5.0+(Windows+NT+6.3;+Win64;+x64)+AppleWebKit/537.36+(KHTML,+like+Gecko)+Chrome/74.0.3729.131+Safari/537.36 http://localhost:3000/micro_pc 200 0 0 407
2019-05-08 09:31:04 ::1 GET /api/line/ - 3000 - ::1 Mozilla/5.0+(Windows+NT+6.3;+Win64;+x64)+AppleWebKit/537.36+(KHTML,+like+Gecko)+Chrome/74.0.3729.131+Safari/537.36 http://localhost:3000/line 200 0 0 231
2019-05-08 09:31:04 ::1 GET /api/department/ - 3000 - ::1 Mozilla/5.0+(Windows+NT+6.3;+Win64;+x64)+AppleWebKit/537.36+(KHTML,+like+Gecko)+Chrome/74.0.3729.131+Safari/537.36 http://localhost:3000/line 200 0 0 249
2019-05-08 09:31:19 ::1 GET /api/department/ - 3000 - ::1 Mozilla/5.0+(Windows+NT+6.3;+Win64;+x64)+AppleWebKit/537.36+(KHTML,+like+Gecko)+Chrome/74.0.3729.131+Safari/537.36 http://localhost:3000/micro_pc 200 0 0 212
2019-05-08 09:31:19 ::1 GET /api/micro_pc/ - 3000 - ::1 Mozilla/5.0+(Windows+NT+6.3;+Win64;+x64)+AppleWebKit/537.36+(KHTML,+like+Gecko)+Chrome/74.0.3729.131+Safari/537.36 http://localhost:3000/micro_pc 200 0 0 244
2019-05-08 09:31:19 ::1 GET /api/department/ - 3000 - ::1 Mozilla/5.0+(Windows+NT+6.3;+Win64;+x64)+AppleWebKit/537.36+(KHTML,+like+Gecko)+Chrome/74.0.3729.131+Safari/537.36 http://localhost:3000/micro_pc 200 0 0 406
2019-05-08 09:31:34 ::1 PUT /api/micro_pc/35 - 3000 - ::1 Mozilla/5.0+(Windows+NT+6.3;+Win64;+x64)+AppleWebKit/537.36+(KHTML,+like+Gecko)+Chrome/74.0.3729.131+Safari/537.36 http://localhost:3000/micro_pc 200 0 0 201
2019-05-08 09:31:34 ::1 GET /api/micro_pc/ - 3000 - ::1 Mozilla/5.0+(Windows+NT+6.3;+Win64;+x64)+AppleWebKit/537.36+(KHTML,+like+Gecko)+Chrome/74.0.3729.131+Safari/537.36 http://localhost:3000/micro_pc 200 0 0 247
2019-05-08 09:31:42 ::1 GET /api/department/ - 3000 - ::1 Mozilla/5.0+(Windows+NT+6.3;+Win64;+x64)+AppleWebKit/537.36+(KHTML,+like+Gecko)+Chrome/74.0.3729.131+Safari/537.36 http://localhost:3000/line 200 0 0 246
2019-05-08 09:31:42 ::1 GET /api/line/ - 3000 - ::1 Mozilla/5.0+(Windows+NT+6.3;+Win64;+x64)+AppleWebKit/537.36+(KHTML,+like+Gecko)+Chrome/74.0.3729.131+Safari/537.36 http://localhost:3000/line 200 0 0 279
2019-05-08 09:32:00 ::1 GET /api/line/add/micros/2 - 3000 - ::1 Mozilla/5.0+(Windows+NT+6.3;+Win64;+x64)+AppleWebKit/537.36+(KHTML,+like+Gecko)+Chrome/74.0.3729.131+Safari/537.36 http://localhost:3000/line 200 0 0 204
2019-05-08 09:32:00 ::1 GET /api/department/2/users - 3000 - ::1 Mozilla/5.0+(Windows+NT+6.3;+Win64;+x64)+AppleWebKit/537.36+(KHTML,+like+Gecko)+Chrome/74.0.3729.131+Safari/537.36 http://localhost:3000/line 200 0 0 261
2019-05-08 09:32:09 ::1 POST /api/line/ - 3000 - ::1 Mozilla/5.0+(Windows+NT+6.3;+Win64;+x64)+AppleWebKit/537.36+(KHTML,+like+Gecko)+Chrome/74.0.3729.131+Safari/537.36 http://localhost:3000/line 200 0 0 223
2019-05-08 09:32:09 ::1 GET /api/line/ - 3000 - ::1 Mozilla/5.0+(Windows+NT+6.3;+Win64;+x64)+AppleWebKit/537.36+(KHTML,+like+Gecko)+Chrome/74.0.3729.131+Safari/537.36 http://localhost:3000/line 200 0 0 245
2019-05-08 09:32:13 ::1 GET /api/department/ - 3000 - ::1 Mozilla/5.0+(Windows+NT+6.3;+Win64;+x64)+AppleWebKit/537.36+(KHTML,+like+Gecko)+Chrome/74.0.3729.131+Safari/537.36 http://localhost:3000/micro_pc 200 0 0 234
2019-05-08 09:32:13 ::1 GET /api/micro_pc/ - 3000 - ::1 Mozilla/5.0+(Windows+NT+6.3;+Win64;+x64)+AppleWebKit/537.36+(KHTML,+like+Gecko)+Chrome/74.0.3729.131+Safari/537.36 http://localhost:3000/micro_pc 200 0 0 253
2019-05-08 09:32:13 ::1 GET /api/department/ - 3000 - ::1 Mozilla/5.0+(Windows+NT+6.3;+Win64;+x64)+AppleWebKit/537.36+(KHTML,+like+Gecko)+Chrome/74.0.3729.131+Safari/537.36 http://localhost:3000/micro_pc 200 0 0 385
2019-05-08 09:32:54 ::1 GET /api/current-user - 3000 - ::1 Mozilla/5.0+(Windows+NT+6.3;+Win64;+x64)+AppleWebKit/537.36+(KHTML,+like+Gecko)+Chrome/74.0.3729.131+Safari/537.36 http://localhost:3000/user 200 0 0 350
2019-05-08 09:32:54 ::1 GET /api/user/ - 3000 - ::1 Mozilla/5.0+(Windows+NT+6.3;+Win64;+x64)+AppleWebKit/537.36+(KHTML,+like+Gecko)+Chrome/74.0.3729.131+Safari/537.36 http://localhost:3000/user 200 0 0 392
2019-05-08 09:32:54 ::1 GET /api/department/ - 3000 - ::1 Mozilla/5.0+(Windows+NT+6.3;+Win64;+x64)+AppleWebKit/537.36+(KHTML,+like+Gecko)+Chrome/74.0.3729.131+Safari/537.36 http://localhost:3000/user 200 0 0 485
2019-05-08 09:32:54 ::1 GET /api/role - 3000 - ::1 Mozilla/5.0+(Windows+NT+6.3;+Win64;+x64)+AppleWebKit/537.36+(KHTML,+like+Gecko)+Chrome/74.0.3729.131+Safari/537.36 http://localhost:3000/user 200 0 0 529
2019-05-08 09:33:10 ::1 GET /api/current-user - 3000 - ::1 Mozilla/5.0+(Windows+NT+6.3;+Win64;+x64)+AppleWebKit/537.36+(KHTML,+like+Gecko)+Chrome/74.0.3729.131+Safari/537.36 http://localhost:3000/play_file 200 0 0 433
2019-05-08 09:33:10 ::1 GET /api/setting/default_time - 3000 - ::1 Mozilla/5.0+(Windows+NT+6.3;+Win64;+x64)+AppleWebKit/537.36+(KHTML,+like+Gecko)+Chrome/74.0.3729.131+Safari/537.36 http://localhost:3000/play_file 200 0 0 577
2019-05-08 09:33:10 ::1 GET /api/playfile/des - 3000 - ::1 Mozilla/5.0+(Windows+NT+6.3;+Win64;+x64)+AppleWebKit/537.36+(KHTML,+like+Gecko)+Chrome/74.0.3729.131+Safari/537.36 http://localhost:3000/play_file 200 0 0 591
2019-05-08 09:33:10 ::1 GET /api/department/ - 3000 - ::1 Mozilla/5.0+(Windows+NT+6.3;+Win64;+x64)+AppleWebKit/537.36+(KHTML,+like+Gecko)+Chrome/74.0.3729.131+Safari/537.36 http://localhost:3000/play_file 200 0 0 256
2019-05-08 09:33:16 ::1 GET /api/line/department/2 - 3000 - ::1 Mozilla/5.0+(Windows+NT+6.3;+Win64;+x64)+AppleWebKit/537.36+(KHTML,+like+Gecko)+Chrome/74.0.3729.131+Safari/537.36 http://localhost:3000/play_file 200 0 0 248
2019-05-08 09:33:19 ::1 GET /api/line/7 - 3000 - ::1 Mozilla/5.0+(Windows+NT+6.3;+Win64;+x64)+AppleWebKit/537.36+(KHTML,+like+Gecko)+Chrome/74.0.3729.131+Safari/537.36 http://localhost:3000/play_file 200 0 0 201
2019-05-08 09:33:19 ::1 GET /api/line/7/micros - 3000 - ::1 Mozilla/5.0+(Windows+NT+6.3;+Win64;+x64)+AppleWebKit/537.36+(KHTML,+like+Gecko)+Chrome/74.0.3729.131+Safari/537.36 http://localhost:3000/play_file 200 0 0 204
2019-05-08 09:33:39 ::1 GET /api/department/ - 3000 - ::1 Mozilla/5.0+(Windows+NT+6.3;+Win64;+x64)+AppleWebKit/537.36+(KHTML,+like+Gecko)+Chrome/74.0.3729.131+Safari/537.36 http://localhost:3000/line 200 0 0 247
2019-05-08 09:33:39 ::1 GET /api/line/ - 3000 - ::1 Mozilla/5.0+(Windows+NT+6.3;+Win64;+x64)+AppleWebKit/537.36+(KHTML,+like+Gecko)+Chrome/74.0.3729.131+Safari/537.36 http://localhost:3000/line 200 0 0 260
2019-05-08 09:33:50 ::1 GET /api/department/3/users - 3000 - ::1 Mozilla/5.0+(Windows+NT+6.3;+Win64;+x64)+AppleWebKit/537.36+(KHTML,+like+Gecko)+Chrome/74.0.3729.131+Safari/537.36 http://localhost:3000/line 200 0 0 189
2019-05-08 09:33:50 ::1 GET /api/line/1/micros - 3000 - ::1 Mozilla/5.0+(Windows+NT+6.3;+Win64;+x64)+AppleWebKit/537.36+(KHTML,+like+Gecko)+Chrome/74.0.3729.131+Safari/537.36 http://localhost:3000/line 200 0 0 239
2019-05-08 09:33:54 ::1 GET /api/line/7/micros - 3000 - ::1 Mozilla/5.0+(Windows+NT+6.3;+Win64;+x64)+AppleWebKit/537.36+(KHTML,+like+Gecko)+Chrome/74.0.3729.131+Safari/537.36 http://localhost:3000/line 200 0 0 183
2019-05-08 09:33:54 ::1 GET /api/department/2/users - 3000 - ::1 Mozilla/5.0+(Windows+NT+6.3;+Win64;+x64)+AppleWebKit/537.36+(KHTML,+like+Gecko)+Chrome/74.0.3729.131+Safari/537.36 http://localhost:3000/line 200 0 0 190
2019-05-08 09:34:02 ::1 GET /api/line/edit/2/7/micros - 3000 - ::1 Mozilla/5.0+(Windows+NT+6.3;+Win64;+x64)+AppleWebKit/537.36+(KHTML,+like+Gecko)+Chrome/74.0.3729.131+Safari/537.36 http://localhost:3000/line 200 0 0 213
2019-05-08 09:34:02 ::1 GET /api/department/2/users - 3000 - ::1 Mozilla/5.0+(Windows+NT+6.3;+Win64;+x64)+AppleWebKit/537.36+(KHTML,+like+Gecko)+Chrome/74.0.3729.131+Safari/537.36 http://localhost:3000/line 200 0 0 292
2019-05-08 09:34:09 ::1 PUT /api/line/7 - 3000 - ::1 Mozilla/5.0+(Windows+NT+6.3;+Win64;+x64)+AppleWebKit/537.36+(KHTML,+like+Gecko)+Chrome/74.0.3729.131+Safari/537.36 http://localhost:3000/line 200 0 0 177
2019-05-08 09:34:09 ::1 GET /api/line/ - 3000 - ::1 Mozilla/5.0+(Windows+NT+6.3;+Win64;+x64)+AppleWebKit/537.36+(KHTML,+like+Gecko)+Chrome/74.0.3729.131+Safari/537.36 http://localhost:3000/line 200 0 0 228
2019-05-08 09:34:23 ::1 GET /api/department/3/users - 3000 - ::1 Mozilla/5.0+(Windows+NT+6.3;+Win64;+x64)+AppleWebKit/537.36+(KHTML,+like+Gecko)+Chrome/74.0.3729.131+Safari/537.36 http://localhost:3000/line 200 0 0 179
2019-05-08 09:34:23 ::1 GET /api/line/1/micros - 3000 - ::1 Mozilla/5.0+(Windows+NT+6.3;+Win64;+x64)+AppleWebKit/537.36+(KHTML,+like+Gecko)+Chrome/74.0.3729.131+Safari/537.36 http://localhost:3000/line 200 0 0 187
2019-05-08 09:34:30 ::1 GET /api/line/edit/6/2/micros - 3000 - ::1 Mozilla/5.0+(Windows+NT+6.3;+Win64;+x64)+AppleWebKit/537.36+(KHTML,+like+Gecko)+Chrome/74.0.3729.131+Safari/537.36 http://localhost:3000/line 200 0 0 224
2019-05-08 09:34:30 ::1 GET /api/department/6/users - 3000 - ::1 Mozilla/5.0+(Windows+NT+6.3;+Win64;+x64)+AppleWebKit/537.36+(KHTML,+like+Gecko)+Chrome/74.0.3729.131+Safari/537.36 http://localhost:3000/line 200 0 0 225
2019-05-08 09:34:36 ::1 GET /api/department/2/users - 3000 - ::1 Mozilla/5.0+(Windows+NT+6.3;+Win64;+x64)+AppleWebKit/537.36+(KHTML,+like+Gecko)+Chrome/74.0.3729.131+Safari/537.36 http://localhost:3000/line 200 0 0 168
2019-05-08 09:34:36 ::1 GET /api/line/edit/2/7/micros - 3000 - ::1 Mozilla/5.0+(Windows+NT+6.3;+Win64;+x64)+AppleWebKit/537.36+(KHTML,+like+Gecko)+Chrome/74.0.3729.131+Safari/537.36 http://localhost:3000/line 200 0 0 169
2019-05-08 09:34:44 ::1 PUT /api/line/7 - 3000 - ::1 Mozilla/5.0+(Windows+NT+6.3;+Win64;+x64)+AppleWebKit/537.36+(KHTML,+like+Gecko)+Chrome/74.0.3729.131+Safari/537.36 http://localhost:3000/line 200 0 0 196
2019-05-08 09:34:44 ::1 GET /api/line/ - 3000 - ::1 Mozilla/5.0+(Windows+NT+6.3;+Win64;+x64)+AppleWebKit/537.36+(KHTML,+like+Gecko)+Chrome/74.0.3729.131+Safari/537.36 http://localhost:3000/line 200 0 0 224
2019-05-08 09:34:50 ::1 GET /api/current-user - 3000 - ::1 Mozilla/5.0+(Windows+NT+6.3;+Win64;+x64)+AppleWebKit/537.36+(KHTML,+like+Gecko)+Chrome/74.0.3729.131+Safari/537.36 http://localhost:3000/play_file 200 0 0 367
2019-05-08 09:34:50 ::1 GET /api/playfile/des - 3000 - ::1 Mozilla/5.0+(Windows+NT+6.3;+Win64;+x64)+AppleWebKit/537.36+(KHTML,+like+Gecko)+Chrome/74.0.3729.131+Safari/537.36 http://localhost:3000/play_file 200 0 0 379
2019-05-08 09:34:50 ::1 GET /api/setting/default_time - 3000 - ::1 Mozilla/5.0+(Windows+NT+6.3;+Win64;+x64)+AppleWebKit/537.36+(KHTML,+like+Gecko)+Chrome/74.0.3729.131+Safari/537.36 http://localhost:3000/play_file 200 0 0 390
2019-05-08 09:34:50 ::1 GET /api/department/ - 3000 - ::1 Mozilla/5.0+(Windows+NT+6.3;+Win64;+x64)+AppleWebKit/537.36+(KHTML,+like+Gecko)+Chrome/74.0.3729.131+Safari/537.36 http://localhost:3000/play_file 200 0 0 316
2019-05-08 09:34:54 ::1 GET /api/line/department/2 - 3000 - ::1 Mozilla/5.0+(Windows+NT+6.3;+Win64;+x64)+AppleWebKit/537.36+(KHTML,+like+Gecko)+Chrome/74.0.3729.131+Safari/537.36 http://localhost:3000/play_file 200 0 0 272
2019-05-08 09:34:56 ::1 GET /api/line/7/micros - 3000 - ::1 Mozilla/5.0+(Windows+NT+6.3;+Win64;+x64)+AppleWebKit/537.36+(KHTML,+like+Gecko)+Chrome/74.0.3729.131+Safari/537.36 http://localhost:3000/play_file 200 0 0 211
2019-05-08 09:34:56 ::1 GET /api/line/7 - 3000 - ::1 Mozilla/5.0+(Windows+NT+6.3;+Win64;+x64)+AppleWebKit/537.36+(KHTML,+like+Gecko)+Chrome/74.0.3729.131+Safari/537.36 http://localhost:3000/play_file 200 0 0 253
2019-05-08 09:35:05 ::1 GET /api/line/7 - 3000 - ::1 Mozilla/5.0+(Windows+NT+6.3;+Win64;+x64)+AppleWebKit/537.36+(KHTML,+like+Gecko)+Chrome/74.0.3729.131+Safari/537.36 http://localhost:3000/play_file 200 0 0 190
2019-05-08 09:35:05 ::1 PUT /api/playlists/update/create - 3000 - ::1 Mozilla/5.0+(Windows+NT+6.3;+Win64;+x64)+AppleWebKit/537.36+(KHTML,+like+Gecko)+Chrome/74.0.3729.131+Safari/537.36 http://localhost:3000/play_file 200 0 0 214
2019-05-08 09:35:05 ::1 PUT /api/line/checked/7 - 3000 - ::1 Mozilla/5.0+(Windows+NT+6.3;+Win64;+x64)+AppleWebKit/537.36+(KHTML,+like+Gecko)+Chrome/74.0.3729.131+Safari/537.36 http://localhost:3000/play_file 200 0 0 219
2019-05-08 09:35:18 ::1 GET /api/line/7 - 3000 - ::1 Mozilla/5.0+(Windows+NT+6.3;+Win64;+x64)+AppleWebKit/537.36+(KHTML,+like+Gecko)+Chrome/74.0.3729.131+Safari/537.36 http://localhost:3000/play_file 200 0 0 216
2019-05-08 09:35:18 ::1 PUT /api/line/checked/7 - 3000 - ::1 Mozilla/5.0+(Windows+NT+6.3;+Win64;+x64)+AppleWebKit/537.36+(KHTML,+like+Gecko)+Chrome/74.0.3729.131+Safari/537.36 http://localhost:3000/play_file 200 0 0 205
2019-05-08 09:35:21 ::1 GET /api/line/7 - 3000 - ::1 Mozilla/5.0+(Windows+NT+6.3;+Win64;+x64)+AppleWebKit/537.36+(KHTML,+like+Gecko)+Chrome/74.0.3729.131+Safari/537.36 http://localhost:3000/play_file 200 0 0 242
2019-05-08 09:35:21 ::1 PUT /api/line/checked/7 - 3000 - ::1 Mozilla/5.0+(Windows+NT+6.3;+Win64;+x64)+AppleWebKit/537.36+(KHTML,+like+Gecko)+Chrome/74.0.3729.131+Safari/537.36 http://localhost:3000/play_file 200 0 0 189
2019-05-08 09:35:21 ::1 PUT /api/playlists/update/create - 3000 - ::1 Mozilla/5.0+(Windows+NT+6.3;+Win64;+x64)+AppleWebKit/537.36+(KHTML,+like+Gecko)+Chrome/74.0.3729.131+Safari/537.36 http://localhost:3000/play_file 200 0 0 273
2019-05-08 09:35:23 ::1 GET /api/download-files/1 - 3000 - ::1 Mozilla/5.0+(Windows+NT+6.3;+Win64;+x64)+AppleWebKit/537.36+(KHTML,+like+Gecko)+Chrome/74.0.3729.131+Safari/537.36 http://localhost:3000/play_file 200 0 0 322
2019-05-08 09:35:40 ::1 GET /api/line/department/3 - 3000 - ::1 Mozilla/5.0+(Windows+NT+6.3;+Win64;+x64)+AppleWebKit/537.36+(KHTML,+like+Gecko)+Chrome/74.0.3729.131+Safari/537.36 http://localhost:3000/play_file 200 0 0 227
2019-05-08 09:35:43 ::1 GET /api/line/1 - 3000 - ::1 Mozilla/5.0+(Windows+NT+6.3;+Win64;+x64)+AppleWebKit/537.36+(KHTML,+like+Gecko)+Chrome/74.0.3729.131+Safari/537.36 http://localhost:3000/play_file 200 0 0 206
2019-05-08 09:35:43 ::1 GET /api/line/1/micros - 3000 - ::1 Mozilla/5.0+(Windows+NT+6.3;+Win64;+x64)+AppleWebKit/537.36+(KHTML,+like+Gecko)+Chrome/74.0.3729.131+Safari/537.36 http://localhost:3000/play_file 200 0 0 216
2019-05-08 09:35:49 ::1 GET /api/line/department/6 - 3000 - ::1 Mozilla/5.0+(Windows+NT+6.3;+Win64;+x64)+AppleWebKit/537.36+(KHTML,+like+Gecko)+Chrome/74.0.3729.131+Safari/537.36 http://localhost:3000/play_file 200 0 0 222
2019-05-08 09:35:51 ::1 GET /api/line/2 - 3000 - ::1 Mozilla/5.0+(Windows+NT+6.3;+Win64;+x64)+AppleWebKit/537.36+(KHTML,+like+Gecko)+Chrome/74.0.3729.131+Safari/537.36 http://localhost:3000/play_file 200 0 0 202
2019-05-08 09:35:51 ::1 GET /api/line/2/micros - 3000 - ::1 Mozilla/5.0+(Windows+NT+6.3;+Win64;+x64)+AppleWebKit/537.36+(KHTML,+like+Gecko)+Chrome/74.0.3729.131+Safari/537.36 http://localhost:3000/play_file 200 0 0 216
2019-05-08 09:35:55 ::1 GET /api/line/2 - 3000 - ::1 Mozilla/5.0+(Windows+NT+6.3;+Win64;+x64)+AppleWebKit/537.36+(KHTML,+like+Gecko)+Chrome/74.0.3729.131+Safari/537.36 http://localhost:3000/play_file 200 0 0 220
2019-05-08 09:35:55 ::1 PUT /api/playlists/update/create - 3000 - ::1 Mozilla/5.0+(Windows+NT+6.3;+Win64;+x64)+AppleWebKit/537.36+(KHTML,+like+Gecko)+Chrome/74.0.3729.131+Safari/537.36 http://localhost:3000/play_file 200 0 0 203
2019-05-08 09:35:55 ::1 PUT /api/line/checked/2 - 3000 - ::1 Mozilla/5.0+(Windows+NT+6.3;+Win64;+x64)+AppleWebKit/537.36+(KHTML,+like+Gecko)+Chrome/74.0.3729.131+Safari/537.36 http://localhost:3000/play_file 200 0 0 234
2019-05-08 09:35:58 ::1 GET /api/line/2 - 3000 - ::1 Mozilla/5.0+(Windows+NT+6.3;+Win64;+x64)+AppleWebKit/537.36+(KHTML,+like+Gecko)+Chrome/74.0.3729.131+Safari/537.36 http://localhost:3000/play_file 200 0 0 216
2019-05-08 09:35:58 ::1 PUT /api/line/checked/2 - 3000 - ::1 Mozilla/5.0+(Windows+NT+6.3;+Win64;+x64)+AppleWebKit/537.36+(KHTML,+like+Gecko)+Chrome/74.0.3729.131+Safari/537.36 http://localhost:3000/play_file 200 0 0 189
2019-05-08 09:36:02 ::1 GET /api/line/2 - 3000 - ::1 Mozilla/5.0+(Windows+NT+6.3;+Win64;+x64)+AppleWebKit/537.36+(KHTML,+like+Gecko)+Chrome/74.0.3729.131+Safari/537.36 http://localhost:3000/play_file 200 0 0 215
2019-05-08 09:36:02 ::1 PUT /api/line/checked/2 - 3000 - ::1 Mozilla/5.0+(Windows+NT+6.3;+Win64;+x64)+AppleWebKit/537.36+(KHTML,+like+Gecko)+Chrome/74.0.3729.131+Safari/537.36 http://localhost:3000/play_file 200 0 0 190
2019-05-08 09:36:02 ::1 PUT /api/playlists/update/create - 3000 - ::1 Mozilla/5.0+(Windows+NT+6.3;+Win64;+x64)+AppleWebKit/537.36+(KHTML,+like+Gecko)+Chrome/74.0.3729.131+Safari/537.36 http://localhost:3000/play_file 200 0 0 205
2019-05-08 09:36:05 ::1 GET /logout - 3000 - ::1 Mozilla/5.0+(Windows+NT+6.3;+Win64;+x64)+AppleWebKit/537.36+(KHTML,+like+Gecko)+Chrome/74.0.3729.131+Safari/537.36 http://localhost:3000/play_file 302 0 0 182
2019-05-08 09:36:05 ::1 GET /login - 3000 - ::1 Mozilla/5.0+(Windows+NT+6.3;+Win64;+x64)+AppleWebKit/537.36+(KHTML,+like+Gecko)+Chrome/74.0.3729.131+Safari/537.36 http://localhost:3000/play_file 200 0 0 170
2019-05-08 09:36:17 ::1 POST /login - 3000 - ::1 Mozilla/5.0+(Windows+NT+6.3;+Win64;+x64)+AppleWebKit/537.36+(KHTML,+like+Gecko)+Chrome/74.0.3729.131+Safari/537.36 http://localhost:3000/login 302 0 0 279
2019-05-08 09:36:17 ::1 GET /play_file - 3000 - ::1 Mozilla/5.0+(Windows+NT+6.3;+Win64;+x64)+AppleWebKit/537.36+(KHTML,+like+Gecko)+Chrome/74.0.3729.131+Safari/537.36 http://localhost:3000/login 200 0 0 243
2019-05-08 09:36:17 ::1 GET /api/current-user - 3000 - ::1 Mozilla/5.0+(Windows+NT+6.3;+Win64;+x64)+AppleWebKit/537.36+(KHTML,+like+Gecko)+Chrome/74.0.3729.131+Safari/537.36 http://localhost:3000/play_file 200 0 0 246
2019-05-08 09:36:17 ::1 GET /api/playfile/des - 3000 - ::1 Mozilla/5.0+(Windows+NT+6.3;+Win64;+x64)+AppleWebKit/537.36+(KHTML,+like+Gecko)+Chrome/74.0.3729.131+Safari/537.36 http://localhost:3000/play_file 200 0 0 250
2019-05-08 09:36:17 ::1 GET /api/setting/default_time - 3000 - ::1 Mozilla/5.0+(Windows+NT+6.3;+Win64;+x64)+AppleWebKit/537.36+(KHTML,+like+Gecko)+Chrome/74.0.3729.131+Safari/537.36 http://localhost:3000/play_file 200 0 0 310
2019-05-08 09:36:17 ::1 GET /api/current-user - 3000 - ::1 Mozilla/5.0+(Windows+NT+6.3;+Win64;+x64)+AppleWebKit/537.36+(KHTML,+like+Gecko)+Chrome/74.0.3729.131+Safari/537.36 http://localhost:3000/play_file 200 0 0 186
2019-05-08 09:36:18 ::1 GET /api/department/ - 3000 - ::1 Mozilla/5.0+(Windows+NT+6.3;+Win64;+x64)+AppleWebKit/537.36+(KHTML,+like+Gecko)+Chrome/74.0.3729.131+Safari/537.36 http://localhost:3000/play_file 200 0 0 178
2019-05-08 09:36:23 ::1 GET /api/line/department/3 - 3000 - ::1 Mozilla/5.0+(Windows+NT+6.3;+Win64;+x64)+AppleWebKit/537.36+(KHTML,+like+Gecko)+Chrome/74.0.3729.131+Safari/537.36 http://localhost:3000/play_file 200 0 0 230
2019-05-08 09:36:26 ::1 GET /api/line/1 - 3000 - ::1 Mozilla/5.0+(Windows+NT+6.3;+Win64;+x64)+AppleWebKit/537.36+(KHTML,+like+Gecko)+Chrome/74.0.3729.131+Safari/537.36 http://localhost:3000/play_file 200 0 0 204
2019-05-08 09:36:26 ::1 GET /api/line/1/micros - 3000 - ::1 Mozilla/5.0+(Windows+NT+6.3;+Win64;+x64)+AppleWebKit/537.36+(KHTML,+like+Gecko)+Chrome/74.0.3729.131+Safari/537.36 http://localhost:3000/play_file 200 0 0 210
2019-05-08 09:36:27 ::1 GET /api/line/1 - 3000 - ::1 Mozilla/5.0+(Windows+NT+6.3;+Win64;+x64)+AppleWebKit/537.36+(KHTML,+like+Gecko)+Chrome/74.0.3729.131+Safari/537.36 http://localhost:3000/play_file 200 0 0 183
2019-05-08 09:36:27 ::1 PUT /api/line/checked/1 - 3000 - ::1 Mozilla/5.0+(Windows+NT+6.3;+Win64;+x64)+AppleWebKit/537.36+(KHTML,+like+Gecko)+Chrome/74.0.3729.131+Safari/537.36 http://localhost:3000/play_file 200 0 0 201
2019-05-08 09:36:39 ::1 GET /api/line/1 - 3000 - ::1 Mozilla/5.0+(Windows+NT+6.3;+Win64;+x64)+AppleWebKit/537.36+(KHTML,+like+Gecko)+Chrome/74.0.3729.131+Safari/537.36 http://localhost:3000/play_file 200 0 0 165
2019-05-08 09:36:39 ::1 PUT /api/playlists/update/create - 3000 - ::1 Mozilla/5.0+(Windows+NT+6.3;+Win64;+x64)+AppleWebKit/537.36+(KHTML,+like+Gecko)+Chrome/74.0.3729.131+Safari/537.36 http://localhost:3000/play_file 200 0 0 226
2019-05-08 09:36:39 ::1 PUT /api/line/checked/1 - 3000 - ::1 Mozilla/5.0+(Windows+NT+6.3;+Win64;+x64)+AppleWebKit/537.36+(KHTML,+like+Gecko)+Chrome/74.0.3729.131+Safari/537.36 http://localhost:3000/play_file 200 0 0 243
2019-05-08 09:36:41 ::1 GET /api/line/1 - 3000 - ::1 Mozilla/5.0+(Windows+NT+6.3;+Win64;+x64)+AppleWebKit/537.36+(KHTML,+like+Gecko)+Chrome/74.0.3729.131+Safari/537.36 http://localhost:3000/play_file 200 0 0 162
2019-05-08 09:36:41 ::1 PUT /api/line/checked/1 - 3000 - ::1 Mozilla/5.0+(Windows+NT+6.3;+Win64;+x64)+AppleWebKit/537.36+(KHTML,+like+Gecko)+Chrome/74.0.3729.131+Safari/537.36 http://localhost:3000/play_file 200 0 0 173
2019-05-08 09:37:00 ::1 GET /api/line/1 - 3000 - ::1 Mozilla/5.0+(Windows+NT+6.3;+Win64;+x64)+AppleWebKit/537.36+(KHTML,+like+Gecko)+Chrome/74.0.3729.131+Safari/537.36 http://localhost:3000/play_file 200 0 0 184
2019-05-08 09:37:00 ::1 PUT /api/playlists/update/create - 3000 - ::1 Mozilla/5.0+(Windows+NT+6.3;+Win64;+x64)+AppleWebKit/537.36+(KHTML,+like+Gecko)+Chrome/74.0.3729.131+Safari/537.36 http://localhost:3000/play_file 200 0 0 169
2019-05-08 09:37:00 ::1 PUT /api/line/checked/1 - 3000 - ::1 Mozilla/5.0+(Windows+NT+6.3;+Win64;+x64)+AppleWebKit/537.36+(KHTML,+like+Gecko)+Chrome/74.0.3729.131+Safari/537.36 http://localhost:3000/play_file 200 0 0 236
2019-05-08 09:37:00 ::1 GET /api/line/1 - 3000 - ::1 Mozilla/5.0+(Windows+NT+6.3;+Win64;+x64)+AppleWebKit/537.36+(KHTML,+like+Gecko)+Chrome/74.0.3729.131+Safari/537.36 http://localhost:3000/play_file 200 0 0 167
2019-05-08 09:37:00 ::1 PUT /api/line/checked/1 - 3000 - ::1 Mozilla/5.0+(Windows+NT+6.3;+Win64;+x64)+AppleWebKit/537.36+(KHTML,+like+Gecko)+Chrome/74.0.3729.131+Safari/537.36 http://localhost:3000/play_file 200 0 0 188
2019-05-08 09:37:03 ::1 GET /logout - 3000 - ::1 Mozilla/5.0+(Windows+NT+6.3;+Win64;+x64)+AppleWebKit/537.36+(KHTML,+like+Gecko)+Chrome/74.0.3729.131+Safari/537.36 http://localhost:3000/play_file 302 0 0 184
2019-05-08 09:37:03 ::1 GET /login - 3000 - ::1 Mozilla/5.0+(Windows+NT+6.3;+Win64;+x64)+AppleWebKit/537.36+(KHTML,+like+Gecko)+Chrome/74.0.3729.131+Safari/537.36 http://localhost:3000/play_file 200 0 0 167
2019-05-08 09:37:15 ::1 POST /login - 3000 - ::1 Mozilla/5.0+(Windows+NT+6.3;+Win64;+x64)+AppleWebKit/537.36+(KHTML,+like+Gecko)+Chrome/74.0.3729.131+Safari/537.36 http://localhost:3000/login 302 0 0 286
2019-05-08 09:37:15 ::1 GET /play_file - 3000 - ::1 Mozilla/5.0+(Windows+NT+6.3;+Win64;+x64)+AppleWebKit/537.36+(KHTML,+like+Gecko)+Chrome/74.0.3729.131+Safari/537.36 http://localhost:3000/login 200 0 0 216
2019-05-08 09:37:15 ::1 GET /api/playfile/des - 3000 - ::1 Mozilla/5.0+(Windows+NT+6.3;+Win64;+x64)+AppleWebKit/537.36+(KHTML,+like+Gecko)+Chrome/74.0.3729.131+Safari/537.36 http://localhost:3000/play_file 200 0 0 225
2019-05-08 09:37:15 ::1 GET /api/current-user - 3000 - ::1 Mozilla/5.0+(Windows+NT+6.3;+Win64;+x64)+AppleWebKit/537.36+(KHTML,+like+Gecko)+Chrome/74.0.3729.131+Safari/537.36 http://localhost:3000/play_file 200 0 0 237
2019-05-08 09:37:15 ::1 GET /api/setting/default_time - 3000 - ::1 Mozilla/5.0+(Windows+NT+6.3;+Win64;+x64)+AppleWebKit/537.36+(KHTML,+like+Gecko)+Chrome/74.0.3729.131+Safari/537.36 http://localhost:3000/play_file 200 0 0 236
2019-05-08 09:37:15 ::1 GET /api/current-user - 3000 - ::1 Mozilla/5.0+(Windows+NT+6.3;+Win64;+x64)+AppleWebKit/537.36+(KHTML,+like+Gecko)+Chrome/74.0.3729.131+Safari/537.36 http://localhost:3000/play_file 200 0 0 192
2019-05-08 09:37:16 ::1 GET /api/department/ - 3000 - ::1 Mozilla/5.0+(Windows+NT+6.3;+Win64;+x64)+AppleWebKit/537.36+(KHTML,+like+Gecko)+Chrome/74.0.3729.131+Safari/537.36 http://localhost:3000/play_file 200 0 0 177
2019-05-08 09:37:28 ::1 GET /api/line/department/3 - 3000 - ::1 Mozilla/5.0+(Windows+NT+6.3;+Win64;+x64)+AppleWebKit/537.36+(KHTML,+like+Gecko)+Chrome/74.0.3729.131+Safari/537.36 http://localhost:3000/play_file 200 0 0 249
2019-05-08 09:37:30 ::1 GET /api/line/1 - 3000 - ::1 Mozilla/5.0+(Windows+NT+6.3;+Win64;+x64)+AppleWebKit/537.36+(KHTML,+like+Gecko)+Chrome/74.0.3729.131+Safari/537.36 http://localhost:3000/play_file 200 0 0 204
2019-05-08 09:37:30 ::1 GET /api/line/1/micros - 3000 - ::1 Mozilla/5.0+(Windows+NT+6.3;+Win64;+x64)+AppleWebKit/537.36+(KHTML,+like+Gecko)+Chrome/74.0.3729.131+Safari/537.36 http://localhost:3000/play_file 200 0 0 211
2019-05-08 09:37:32 ::1 GET /api/line/1 - 3000 - ::1 Mozilla/5.0+(Windows+NT+6.3;+Win64;+x64)+AppleWebKit/537.36+(KHTML,+like+Gecko)+Chrome/74.0.3729.131+Safari/537.36 http://localhost:3000/play_file 200 0 0 182
2019-05-08 09:37:32 ::1 PUT /api/playlists/update/create - 3000 - ::1 Mozilla/5.0+(Windows+NT+6.3;+Win64;+x64)+AppleWebKit/537.36+(KHTML,+like+Gecko)+Chrome/74.0.3729.131+Safari/537.36 http://localhost:3000/play_file 200 0 0 174
2019-05-08 09:37:32 ::1 PUT /api/line/checked/1 - 3000 - ::1 Mozilla/5.0+(Windows+NT+6.3;+Win64;+x64)+AppleWebKit/537.36+(KHTML,+like+Gecko)+Chrome/74.0.3729.131+Safari/537.36 http://localhost:3000/play_file 200 0 0 191
2019-05-08 09:37:47 ::1 GET /api/setting/destination_path - 3000 - ::1 Mozilla/5.0+(Windows+NT+6.3;+Win64;+x64)+AppleWebKit/537.36+(KHTML,+like+Gecko)+Chrome/74.0.3729.131+Safari/537.36 http://localhost:3000/sync_file 200 0 0 245
2019-05-08 09:37:47 ::1 GET /api/setting/source_path - 3000 - ::1 Mozilla/5.0+(Windows+NT+6.3;+Win64;+x64)+AppleWebKit/537.36+(KHTML,+like+Gecko)+Chrome/74.0.3729.131+Safari/537.36 http://localhost:3000/sync_file 200 0 0 260
2019-05-08 09:37:47 ::1 GET /api/sync_file/source - 3000 - ::1 Mozilla/5.0+(Windows+NT+6.3;+Win64;+x64)+AppleWebKit/537.36+(KHTML,+like+Gecko)+Chrome/74.0.3729.131+Safari/537.36 http://localhost:3000/sync_file 200 0 0 273
2019-05-08 09:37:47 ::1 GET /api/sync_file/des - 3000 - ::1 Mozilla/5.0+(Windows+NT+6.3;+Win64;+x64)+AppleWebKit/537.36+(KHTML,+like+Gecko)+Chrome/74.0.3729.131+Safari/537.36 http://localhost:3000/sync_file 200 0 0 454
2019-05-08 09:38:06 ::1 GET /api/sync_file/des - 3000 - ::1 Mozilla/5.0+(Windows+NT+6.3;+Win64;+x64)+AppleWebKit/537.36+(KHTML,+like+Gecko)+Chrome/74.0.3729.131+Safari/537.36 http://localhost:3000/sync_file 200 0 0 267
2019-05-08 09:38:06 ::1 GET /api/sync_file/source - 3000 - ::1 Mozilla/5.0+(Windows+NT+6.3;+Win64;+x64)+AppleWebKit/537.36+(KHTML,+like+Gecko)+Chrome/74.0.3729.131+Safari/537.36 http://localhost:3000/sync_file 200 0 0 269
2019-05-08 09:38:20 ::1 POST /api/sync_file/sync - 3000 - ::1 Mozilla/5.0+(Windows+NT+6.3;+Win64;+x64)+AppleWebKit/537.36+(KHTML,+like+Gecko)+Chrome/74.0.3729.131+Safari/537.36 http://localhost:3000/sync_file 200 0 0 1831
2019-05-08 09:38:20 ::1 GET /api/sync_file/des - 3000 - ::1 Mozilla/5.0+(Windows+NT+6.3;+Win64;+x64)+AppleWebKit/537.36+(KHTML,+like+Gecko)+Chrome/74.0.3729.131+Safari/537.36 http://localhost:3000/sync_file 200 0 0 267
2019-05-08 09:38:20 ::1 GET /api/sync_file/source - 3000 - ::1 Mozilla/5.0+(Windows+NT+6.3;+Win64;+x64)+AppleWebKit/537.36+(KHTML,+like+Gecko)+Chrome/74.0.3729.131+Safari/537.36 http://localhost:3000/sync_file 200 0 0 278
2019-05-08 09:38:26 ::1 GET /api/current-user - 3000 - ::1 Mozilla/5.0+(Windows+NT+6.3;+Win64;+x64)+AppleWebKit/537.36+(KHTML,+like+Gecko)+Chrome/74.0.3729.131+Safari/537.36 http://localhost:3000/play_file 200 0 0 413
2019-05-08 09:38:26 ::1 GET /api/playfile/des - 3000 - ::1 Mozilla/5.0+(Windows+NT+6.3;+Win64;+x64)+AppleWebKit/537.36+(KHTML,+like+Gecko)+Chrome/74.0.3729.131+Safari/537.36 http://localhost:3000/play_file 200 0 0 441
2019-05-08 09:38:26 ::1 GET /api/setting/default_time - 3000 - ::1 Mozilla/5.0+(Windows+NT+6.3;+Win64;+x64)+AppleWebKit/537.36+(KHTML,+like+Gecko)+Chrome/74.0.3729.131+Safari/537.36 http://localhost:3000/play_file 200 0 0 583
2019-05-08 09:38:26 ::1 GET /api/department/ - 3000 - ::1 Mozilla/5.0+(Windows+NT+6.3;+Win64;+x64)+AppleWebKit/537.36+(KHTML,+like+Gecko)+Chrome/74.0.3729.131+Safari/537.36 http://localhost:3000/play_file 200 0 0 275
2019-05-08 09:38:29 ::1 GET /api/line/department/2 - 3000 - ::1 Mozilla/5.0+(Windows+NT+6.3;+Win64;+x64)+AppleWebKit/537.36+(KHTML,+like+Gecko)+Chrome/74.0.3729.131+Safari/537.36 http://localhost:3000/play_file 200 0 0 251
2019-05-08 09:38:31 ::1 GET /api/line/7 - 3000 - ::1 Mozilla/5.0+(Windows+NT+6.3;+Win64;+x64)+AppleWebKit/537.36+(KHTML,+like+Gecko)+Chrome/74.0.3729.131+Safari/537.36 http://localhost:3000/play_file 200 0 0 200
2019-05-08 09:38:31 ::1 GET /api/line/7/micros - 3000 - ::1 Mozilla/5.0+(Windows+NT+6.3;+Win64;+x64)+AppleWebKit/537.36+(KHTML,+like+Gecko)+Chrome/74.0.3729.131+Safari/537.36 http://localhost:3000/play_file 200 0 0 205
2019-05-08 09:38:34 ::1 GET /api/line/7 - 3000 - ::1 Mozilla/5.0+(Windows+NT+6.3;+Win64;+x64)+AppleWebKit/537.36+(KHTML,+like+Gecko)+Chrome/74.0.3729.131+Safari/537.36 http://localhost:3000/play_file 200 0 0 166
2019-05-08 09:38:34 ::1 PUT /api/line/checked/7 - 3000 - ::1 Mozilla/5.0+(Windows+NT+6.3;+Win64;+x64)+AppleWebKit/537.36+(KHTML,+like+Gecko)+Chrome/74.0.3729.131+Safari/537.36 http://localhost:3000/play_file 200 0 0 198
2019-05-08 09:38:36 ::1 GET /api/line/7 - 3000 - ::1 Mozilla/5.0+(Windows+NT+6.3;+Win64;+x64)+AppleWebKit/537.36+(KHTML,+like+Gecko)+Chrome/74.0.3729.131+Safari/537.36 http://localhost:3000/play_file 200 0 0 163
2019-05-08 09:38:36 ::1 PUT /api/playlists/update/create - 3000 - ::1 Mozilla/5.0+(Windows+NT+6.3;+Win64;+x64)+AppleWebKit/537.36+(KHTML,+like+Gecko)+Chrome/74.0.3729.131+Safari/537.36 http://localhost:3000/play_file 200 0 0 164
2019-05-08 09:38:36 ::1 PUT /api/line/checked/7 - 3000 - ::1 Mozilla/5.0+(Windows+NT+6.3;+Win64;+x64)+AppleWebKit/537.36+(KHTML,+like+Gecko)+Chrome/74.0.3729.131+Safari/537.36 http://localhost:3000/play_file 200 0 0 169
2019-05-08 09:39:11 ::1 GET /api/line/7 - 3000 - ::1 Mozilla/5.0+(Windows+NT+6.3;+Win64;+x64)+AppleWebKit/537.36+(KHTML,+like+Gecko)+Chrome/74.0.3729.131+Safari/537.36 http://localhost:3000/play_file 200 0 0 176
2019-05-08 09:39:11 ::1 PUT /api/line/checked/7 - 3000 - ::1 Mozilla/5.0+(Windows+NT+6.3;+Win64;+x64)+AppleWebKit/537.36+(KHTML,+like+Gecko)+Chrome/74.0.3729.131+Safari/537.36 http://localhost:3000/play_file 200 0 0 207
2019-05-08 09:39:15 ::1 GET /api/line/7 - 3000 - ::1 Mozilla/5.0+(Windows+NT+6.3;+Win64;+x64)+AppleWebKit/537.36+(KHTML,+like+Gecko)+Chrome/74.0.3729.131+Safari/537.36 http://localhost:3000/play_file 200 0 0 163
2019-05-08 09:39:15 ::1 PUT /api/playlists/update/create - 3000 - ::1 Mozilla/5.0+(Windows+NT+6.3;+Win64;+x64)+AppleWebKit/537.36+(KHTML,+like+Gecko)+Chrome/74.0.3729.131+Safari/537.36 http://localhost:3000/play_file 200 0 0 162
2019-05-08 09:39:15 ::1 PUT /api/line/checked/7 - 3000 - ::1 Mozilla/5.0+(Windows+NT+6.3;+Win64;+x64)+AppleWebKit/537.36+(KHTML,+like+Gecko)+Chrome/74.0.3729.131+Safari/537.36 http://localhost:3000/play_file 200 0 0 193
2019-05-08 09:40:19 ::1 GET /api/line/7 - 3000 - ::1 Mozilla/5.0+(Windows+NT+6.3;+Win64;+x64)+AppleWebKit/537.36+(KHTML,+like+Gecko)+Chrome/74.0.3729.131+Safari/537.36 http://localhost:3000/play_file 200 0 0 198
2019-05-08 09:40:19 ::1 PUT /api/line/checked/7 - 3000 - ::1 Mozilla/5.0+(Windows+NT+6.3;+Win64;+x64)+AppleWebKit/537.36+(KHTML,+like+Gecko)+Chrome/74.0.3729.131+Safari/537.36 http://localhost:3000/play_file 200 0 0 241
2019-05-08 09:40:41 192.168.36.10 GET /play_file/MPC031 - 3000 - 192.168.36.72 Mozilla/5.0+(X11;+Linux+armv7l)+AppleWebKit/537.36+(KHTML,+like+Gecko)+Raspbian+Chromium/72.0.3626.121+Chrome/72.0.3626.121+Safari/537.36 - 200 0 0 302
2019-05-08 09:41:00 ::1 GET /api/line/ - 3000 - ::1 Mozilla/5.0+(Windows+NT+6.3;+Win64;+x64)+AppleWebKit/537.36+(KHTML,+like+Gecko)+Chrome/74.0.3729.131+Safari/537.36 http://localhost:3000/line 200 0 0 210
2019-05-08 09:41:00 ::1 GET /api/department/ - 3000 - ::1 Mozilla/5.0+(Windows+NT+6.3;+Win64;+x64)+AppleWebKit/537.36+(KHTML,+like+Gecko)+Chrome/74.0.3729.131+Safari/537.36 http://localhost:3000/line 200 0 0 302
2019-05-08 09:41:08 ::1 GET /api/current-user - 3000 - ::1 Mozilla/5.0+(Windows+NT+6.3;+Win64;+x64)+AppleWebKit/537.36+(KHTML,+like+Gecko)+Chrome/74.0.3729.131+Safari/537.36 http://localhost:3000/play_file 200 0 0 222
2019-05-08 09:41:08 ::1 GET /api/playfile/des - 3000 - ::1 Mozilla/5.0+(Windows+NT+6.3;+Win64;+x64)+AppleWebKit/537.36+(KHTML,+like+Gecko)+Chrome/74.0.3729.131+Safari/537.36 http://localhost:3000/play_file 200 0 0 238
2019-05-08 09:41:08 ::1 GET /api/setting/default_time - 3000 - ::1 Mozilla/5.0+(Windows+NT+6.3;+Win64;+x64)+AppleWebKit/537.36+(KHTML,+like+Gecko)+Chrome/74.0.3729.131+Safari/537.36 http://localhost:3000/play_file 200 0 0 325
2019-05-08 09:41:08 ::1 GET /api/department/ - 3000 - ::1 Mozilla/5.0+(Windows+NT+6.3;+Win64;+x64)+AppleWebKit/537.36+(KHTML,+like+Gecko)+Chrome/74.0.3729.131+Safari/537.36 http://localhost:3000/play_file 200 0 0 263
2019-05-08 09:41:11 ::1 GET /api/line/department/3 - 3000 - ::1 Mozilla/5.0+(Windows+NT+6.3;+Win64;+x64)+AppleWebKit/537.36+(KHTML,+like+Gecko)+Chrome/74.0.3729.131+Safari/537.36 http://localhost:3000/play_file 200 0 0 238
2019-05-08 09:41:13 ::1 GET /api/line/1 - 3000 - ::1 Mozilla/5.0+(Windows+NT+6.3;+Win64;+x64)+AppleWebKit/537.36+(KHTML,+like+Gecko)+Chrome/74.0.3729.131+Safari/537.36 http://localhost:3000/play_file 200 0 0 258
2019-05-08 09:41:13 ::1 GET /api/line/1/micros - 3000 - ::1 Mozilla/5.0+(Windows+NT+6.3;+Win64;+x64)+AppleWebKit/537.36+(KHTML,+like+Gecko)+Chrome/74.0.3729.131+Safari/537.36 http://localhost:3000/play_file 200 0 0 264
2019-05-08 09:41:42 ::1 GET /api/line/department/6 - 3000 - ::1 Mozilla/5.0+(Windows+NT+6.3;+Win64;+x64)+AppleWebKit/537.36+(KHTML,+like+Gecko)+Chrome/74.0.3729.131+Safari/537.36 http://localhost:3000/play_file 200 0 0 259
2019-05-08 09:41:43 ::1 GET /api/line/2/micros - 3000 - ::1 Mozilla/5.0+(Windows+NT+6.3;+Win64;+x64)+AppleWebKit/537.36+(KHTML,+like+Gecko)+Chrome/74.0.3729.131+Safari/537.36 http://localhost:3000/play_file 200 0 0 255
2019-05-08 09:41:43 ::1 GET /api/line/2 - 3000 - ::1 Mozilla/5.0+(Windows+NT+6.3;+Win64;+x64)+AppleWebKit/537.36+(KHTML,+like+Gecko)+Chrome/74.0.3729.131+Safari/537.36 http://localhost:3000/play_file 200 0 0 304
2019-05-08 09:41:54 ::1 GET /api/line/2 - 3000 - ::1 Mozilla/5.0+(Windows+NT+6.3;+Win64;+x64)+AppleWebKit/537.36+(KHTML,+like+Gecko)+Chrome/74.0.3729.131+Safari/537.36 http://localhost:3000/play_file 200 0 0 169
2019-05-08 09:41:54 ::1 PUT /api/line/checked/2 - 3000 - ::1 Mozilla/5.0+(Windows+NT+6.3;+Win64;+x64)+AppleWebKit/537.36+(KHTML,+like+Gecko)+Chrome/74.0.3729.131+Safari/537.36 http://localhost:3000/play_file 200 0 0 191
2019-05-08 09:42:11 ::1 GET /api/line/2 - 3000 - ::1 Mozilla/5.0+(Windows+NT+6.3;+Win64;+x64)+AppleWebKit/537.36+(KHTML,+like+Gecko)+Chrome/74.0.3729.131+Safari/537.36 http://localhost:3000/play_file 200 0 0 228
2019-05-08 09:42:11 ::1 PUT /api/line/checked/2 - 3000 - ::1 Mozilla/5.0+(Windows+NT+6.3;+Win64;+x64)+AppleWebKit/537.36+(KHTML,+like+Gecko)+Chrome/74.0.3729.131+Safari/537.36 http://localhost:3000/play_file 200 0 0 217
2019-05-08 09:42:11 ::1 PUT /api/playlists/update/create - 3000 - ::1 Mozilla/5.0+(Windows+NT+6.3;+Win64;+x64)+AppleWebKit/537.36+(KHTML,+like+Gecko)+Chrome/74.0.3729.131+Safari/537.36 http://localhost:3000/play_file 200 0 0 224
2019-05-08 09:42:14 ::1 GET /api/line/2 - 3000 - ::1 Mozilla/5.0+(Windows+NT+6.3;+Win64;+x64)+AppleWebKit/537.36+(KHTML,+like+Gecko)+Chrome/74.0.3729.131+Safari/537.36 http://localhost:3000/play_file 200 0 0 238
2019-05-08 09:42:14 ::1 PUT /api/line/checked/2 - 3000 - ::1 Mozilla/5.0+(Windows+NT+6.3;+Win64;+x64)+AppleWebKit/537.36+(KHTML,+like+Gecko)+Chrome/74.0.3729.131+Safari/537.36 http://localhost:3000/play_file 200 0 0 191
2019-05-08 09:42:17 ::1 GET /api/line/department/2 - 3000 - ::1 Mozilla/5.0+(Windows+NT+6.3;+Win64;+x64)+AppleWebKit/537.36+(KHTML,+like+Gecko)+Chrome/74.0.3729.131+Safari/537.36 http://localhost:3000/play_file 200 0 0 245
2019-05-08 09:42:20 ::1 GET /api/line/7/micros - 3000 - ::1 Mozilla/5.0+(Windows+NT+6.3;+Win64;+x64)+AppleWebKit/537.36+(KHTML,+like+Gecko)+Chrome/74.0.3729.131+Safari/537.36 http://localhost:3000/play_file 200 0 0 244
2019-05-08 09:42:20 ::1 GET /api/line/7 - 3000 - ::1 Mozilla/5.0+(Windows+NT+6.3;+Win64;+x64)+AppleWebKit/537.36+(KHTML,+like+Gecko)+Chrome/74.0.3729.131+Safari/537.36 http://localhost:3000/play_file 200 0 0 318
2019-05-08 09:42:29 ::1 GET /api/line/ - 3000 - ::1 Mozilla/5.0+(Windows+NT+6.3;+Win64;+x64)+AppleWebKit/537.36+(KHTML,+like+Gecko)+Chrome/74.0.3729.131+Safari/537.36 http://localhost:3000/line 200 0 0 197
2019-05-08 09:42:29 ::1 GET /api/department/ - 3000 - ::1 Mozilla/5.0+(Windows+NT+6.3;+Win64;+x64)+AppleWebKit/537.36+(KHTML,+like+Gecko)+Chrome/74.0.3729.131+Safari/537.36 http://localhost:3000/line 200 0 0 195
2019-05-08 09:42:37 ::1 GET /api/current-user - 3000 - ::1 Mozilla/5.0+(Windows+NT+6.3;+Win64;+x64)+AppleWebKit/537.36+(KHTML,+like+Gecko)+Chrome/74.0.3729.131+Safari/537.36 http://localhost:3000/play_file 200 0 0 235
2019-05-08 09:42:37 ::1 GET /api/playfile/des - 3000 - ::1 Mozilla/5.0+(Windows+NT+6.3;+Win64;+x64)+AppleWebKit/537.36+(KHTML,+like+Gecko)+Chrome/74.0.3729.131+Safari/537.36 http://localhost:3000/play_file 200 0 0 246
2019-05-08 09:42:37 ::1 GET /api/setting/default_time - 3000 - ::1 Mozilla/5.0+(Windows+NT+6.3;+Win64;+x64)+AppleWebKit/537.36+(KHTML,+like+Gecko)+Chrome/74.0.3729.131+Safari/537.36 http://localhost:3000/play_file 200 0 0 250
2019-05-08 09:42:37 ::1 GET /api/department/ - 3000 - ::1 Mozilla/5.0+(Windows+NT+6.3;+Win64;+x64)+AppleWebKit/537.36+(KHTML,+like+Gecko)+Chrome/74.0.3729.131+Safari/537.36 http://localhost:3000/play_file 200 0 0 209
2019-05-08 09:42:40 ::1 GET /api/line/department/3 - 3000 - ::1 Mozilla/5.0+(Windows+NT+6.3;+Win64;+x64)+AppleWebKit/537.36+(KHTML,+like+Gecko)+Chrome/74.0.3729.131+Safari/537.36 http://localhost:3000/play_file 200 0 0 253
2019-05-08 09:42:42 ::1 GET /api/line/1/micros - 3000 - ::1 Mozilla/5.0+(Windows+NT+6.3;+Win64;+x64)+AppleWebKit/537.36+(KHTML,+like+Gecko)+Chrome/74.0.3729.131+Safari/537.36 http://localhost:3000/play_file 200 0 0 264
2019-05-08 09:42:42 ::1 GET /api/line/1 - 3000 - ::1 Mozilla/5.0+(Windows+NT+6.3;+Win64;+x64)+AppleWebKit/537.36+(KHTML,+like+Gecko)+Chrome/74.0.3729.131+Safari/537.36 http://localhost:3000/play_file 200 0 0 266
2019-05-08 09:42:44 ::1 GET /api/line/1 - 3000 - ::1 Mozilla/5.0+(Windows+NT+6.3;+Win64;+x64)+AppleWebKit/537.36+(KHTML,+like+Gecko)+Chrome/74.0.3729.131+Safari/537.36 http://localhost:3000/play_file 200 0 0 245
2019-05-08 09:42:44 ::1 PUT /api/line/checked/1 - 3000 - ::1 Mozilla/5.0+(Windows+NT+6.3;+Win64;+x64)+AppleWebKit/537.36+(KHTML,+like+Gecko)+Chrome/74.0.3729.131+Safari/537.36 http://localhost:3000/play_file 200 0 0 194
2019-05-08 09:42:57 ::1 GET /api/current-user - 3000 - ::1 Mozilla/5.0+(Windows+NT+6.3;+Win64;+x64)+AppleWebKit/537.36+(KHTML,+like+Gecko)+Chrome/74.0.3729.131+Safari/537.36 http://localhost:3000/user 200 0 0 202
2019-05-08 09:42:57 ::1 GET /api/role - 3000 - ::1 Mozilla/5.0+(Windows+NT+6.3;+Win64;+x64)+AppleWebKit/537.36+(KHTML,+like+Gecko)+Chrome/74.0.3729.131+Safari/537.36 http://localhost:3000/user 200 0 0 200
2019-05-08 09:42:57 ::1 GET /api/user/ - 3000 - ::1 Mozilla/5.0+(Windows+NT+6.3;+Win64;+x64)+AppleWebKit/537.36+(KHTML,+like+Gecko)+Chrome/74.0.3729.131+Safari/537.36 http://localhost:3000/user 200 0 0 234
2019-05-08 09:42:57 ::1 GET /api/department/ - 3000 - ::1 Mozilla/5.0+(Windows+NT+6.3;+Win64;+x64)+AppleWebKit/537.36+(KHTML,+like+Gecko)+Chrome/74.0.3729.131+Safari/537.36 http://localhost:3000/user 200 0 0 269
2019-05-08 09:43:00 ::1 GET /api/department/ - 3000 - ::1 Mozilla/5.0+(Windows+NT+6.3;+Win64;+x64)+AppleWebKit/537.36+(KHTML,+like+Gecko)+Chrome/74.0.3729.131+Safari/537.36 http://localhost:3000/department 200 0 0 208
2019-05-08 09:43:09 ::1 GET /api/controlpc/ - 3000 - ::1 Mozilla/5.0+(Windows+NT+6.3;+Win64;+x64)+AppleWebKit/537.36+(KHTML,+like+Gecko)+Chrome/74.0.3729.131+Safari/537.36 http://localhost:3000/pc 200 0 0 236
2019-05-08 09:43:13 ::1 GET /api/department/ - 3000 - ::1 Mozilla/5.0+(Windows+NT+6.3;+Win64;+x64)+AppleWebKit/537.36+(KHTML,+like+Gecko)+Chrome/74.0.3729.131+Safari/537.36 http://localhost:3000/department 200 0 0 188
2019-05-08 09:43:55 ::1 POST /api/department/ - 3000 - ::1 Mozilla/5.0+(Windows+NT+6.3;+Win64;+x64)+AppleWebKit/537.36+(KHTML,+like+Gecko)+Chrome/74.0.3729.131+Safari/537.36 http://localhost:3000/department 200 0 0 213
2019-05-08 09:43:55 ::1 GET /api/department/ - 3000 - ::1 Mozilla/5.0+(Windows+NT+6.3;+Win64;+x64)+AppleWebKit/537.36+(KHTML,+like+Gecko)+Chrome/74.0.3729.131+Safari/537.36 http://localhost:3000/department 200 0 0 265
2019-05-08 09:43:59 ::1 GET /api/current-user - 3000 - ::1 Mozilla/5.0+(Windows+NT+6.3;+Win64;+x64)+AppleWebKit/537.36+(KHTML,+like+Gecko)+Chrome/74.0.3729.131+Safari/537.36 http://localhost:3000/user 200 0 0 184
2019-05-08 09:43:59 ::1 GET /api/department/ - 3000 - ::1 Mozilla/5.0+(Windows+NT+6.3;+Win64;+x64)+AppleWebKit/537.36+(KHTML,+like+Gecko)+Chrome/74.0.3729.131+Safari/537.36 http://localhost:3000/user 200 0 0 201
2019-05-08 09:43:59 ::1 GET /api/role - 3000 - ::1 Mozilla/5.0+(Windows+NT+6.3;+Win64;+x64)+AppleWebKit/537.36+(KHTML,+like+Gecko)+Chrome/74.0.3729.131+Safari/537.36 http://localhost:3000/user 200 0 0 241
2019-05-08 09:43:59 ::1 GET /api/user/ - 3000 - ::1 Mozilla/5.0+(Windows+NT+6.3;+Win64;+x64)+AppleWebKit/537.36+(KHTML,+like+Gecko)+Chrome/74.0.3729.131+Safari/537.36 http://localhost:3000/user 200 0 0 273
2019-05-08 09:44:05 ::1 GET /api/user/ - 3000 - ::1 Mozilla/5.0+(Windows+NT+6.3;+Win64;+x64)+AppleWebKit/537.36+(KHTML,+like+Gecko)+Chrome/74.0.3729.131+Safari/537.36 http://localhost:3000/user 200 0 0 226
2019-05-08 09:44:06 ::1 GET /api/department/ - 3000 - ::1 Mozilla/5.0+(Windows+NT+6.3;+Win64;+x64)+AppleWebKit/537.36+(KHTML,+like+Gecko)+Chrome/74.0.3729.131+Safari/537.36 http://localhost:3000/department 200 0 0 194
2019-05-08 09:44:10 ::1 GET /api/controlpc/ - 3000 - ::1 Mozilla/5.0+(Windows+NT+6.3;+Win64;+x64)+AppleWebKit/537.36+(KHTML,+like+Gecko)+Chrome/74.0.3729.131+Safari/537.36 http://localhost:3000/pc 200 0 0 187
2019-05-08 09:44:11 ::1 GET /api/department/ - 3000 - ::1 Mozilla/5.0+(Windows+NT+6.3;+Win64;+x64)+AppleWebKit/537.36+(KHTML,+like+Gecko)+Chrome/74.0.3729.131+Safari/537.36 http://localhost:3000/micro_pc 200 0 0 178
2019-05-08 09:44:11 ::1 GET /api/micro_pc/ - 3000 - ::1 Mozilla/5.0+(Windows+NT+6.3;+Win64;+x64)+AppleWebKit/537.36+(KHTML,+like+Gecko)+Chrome/74.0.3729.131+Safari/537.36 http://localhost:3000/micro_pc 200 0 0 183
2019-05-08 09:44:11 ::1 GET /api/department/ - 3000 - ::1 Mozilla/5.0+(Windows+NT+6.3;+Win64;+x64)+AppleWebKit/537.36+(KHTML,+like+Gecko)+Chrome/74.0.3729.131+Safari/537.36 http://localhost:3000/micro_pc 200 0 0 202
2019-05-08 09:44:26 ::1 GET /api/line/ - 3000 - ::1 Mozilla/5.0+(Windows+NT+6.3;+Win64;+x64)+AppleWebKit/537.36+(KHTML,+like+Gecko)+Chrome/74.0.3729.131+Safari/537.36 http://localhost:3000/line 200 0 0 212
2019-05-08 09:44:26 ::1 GET /api/department/ - 3000 - ::1 Mozilla/5.0+(Windows+NT+6.3;+Win64;+x64)+AppleWebKit/537.36+(KHTML,+like+Gecko)+Chrome/74.0.3729.131+Safari/537.36 http://localhost:3000/line 200 0 0 207
2019-05-08 09:44:29 ::1 GET /api/current-user - 3000 - ::1 Mozilla/5.0+(Windows+NT+6.3;+Win64;+x64)+AppleWebKit/537.36+(KHTML,+like+Gecko)+Chrome/74.0.3729.131+Safari/537.36 http://localhost:3000/play_file 200 0 0 233
2019-05-08 09:44:29 ::1 GET /api/setting/default_time - 3000 - ::1 Mozilla/5.0+(Windows+NT+6.3;+Win64;+x64)+AppleWebKit/537.36+(KHTML,+like+Gecko)+Chrome/74.0.3729.131+Safari/537.36 http://localhost:3000/play_file 200 0 0 239
2019-05-08 09:44:29 ::1 GET /api/playfile/des - 3000 - ::1 Mozilla/5.0+(Windows+NT+6.3;+Win64;+x64)+AppleWebKit/537.36+(KHTML,+like+Gecko)+Chrome/74.0.3729.131+Safari/537.36 http://localhost:3000/play_file 200 0 0 245
2019-05-08 09:44:29 ::1 GET /api/department/ - 3000 - ::1 Mozilla/5.0+(Windows+NT+6.3;+Win64;+x64)+AppleWebKit/537.36+(KHTML,+like+Gecko)+Chrome/74.0.3729.131+Safari/537.36 http://localhost:3000/play_file 200 0 0 207
2019-05-08 09:44:32 ::1 GET /api/line/department/3 - 3000 - ::1 Mozilla/5.0+(Windows+NT+6.3;+Win64;+x64)+AppleWebKit/537.36+(KHTML,+like+Gecko)+Chrome/74.0.3729.131+Safari/537.36 http://localhost:3000/play_file 200 0 0 235
2019-05-08 09:44:34 ::1 GET /api/line/1 - 3000 - ::1 Mozilla/5.0+(Windows+NT+6.3;+Win64;+x64)+AppleWebKit/537.36+(KHTML,+like+Gecko)+Chrome/74.0.3729.131+Safari/537.36 http://localhost:3000/play_file 200 0 0 244
2019-05-08 09:44:34 ::1 GET /api/line/1/micros - 3000 - ::1 Mozilla/5.0+(Windows+NT+6.3;+Win64;+x64)+AppleWebKit/537.36+(KHTML,+like+Gecko)+Chrome/74.0.3729.131+Safari/537.36 http://localhost:3000/play_file 200 0 0 251
2019-05-08 09:44:40 ::1 GET /api/department/ - 3000 - ::1 Mozilla/5.0+(Windows+NT+6.3;+Win64;+x64)+AppleWebKit/537.36+(KHTML,+like+Gecko)+Chrome/74.0.3729.131+Safari/537.36 http://localhost:3000/department 200 0 0 205
2019-05-08 09:44:42 ::1 GET /api/controlpc/ - 3000 - ::1 Mozilla/5.0+(Windows+NT+6.3;+Win64;+x64)+AppleWebKit/537.36+(KHTML,+like+Gecko)+Chrome/74.0.3729.131+Safari/537.36 http://localhost:3000/pc 200 0 0 193
2019-05-08 09:44:44 ::1 GET /api/department/ - 3000 - ::1 Mozilla/5.0+(Windows+NT+6.3;+Win64;+x64)+AppleWebKit/537.36+(KHTML,+like+Gecko)+Chrome/74.0.3729.131+Safari/537.36 http://localhost:3000/micro_pc 200 0 0 188
2019-05-08 09:44:44 ::1 GET /api/micro_pc/ - 3000 - ::1 Mozilla/5.0+(Windows+NT+6.3;+Win64;+x64)+AppleWebKit/537.36+(KHTML,+like+Gecko)+Chrome/74.0.3729.131+Safari/537.36 http://localhost:3000/micro_pc 200 0 0 189
2019-05-08 09:44:44 ::1 GET /api/department/ - 3000 - ::1 Mozilla/5.0+(Windows+NT+6.3;+Win64;+x64)+AppleWebKit/537.36+(KHTML,+like+Gecko)+Chrome/74.0.3729.131+Safari/537.36 http://localhost:3000/micro_pc 200 0 0 204
2019-05-08 09:44:57 ::1 GET /api/department/ - 3000 - ::1 Mozilla/5.0+(Windows+NT+6.3;+Win64;+x64)+AppleWebKit/537.36+(KHTML,+like+Gecko)+Chrome/74.0.3729.131+Safari/537.36 http://localhost:3000/line 200 0 0 226
2019-05-08 09:44:57 ::1 GET /api/line/ - 3000 - ::1 Mozilla/5.0+(Windows+NT+6.3;+Win64;+x64)+AppleWebKit/537.36+(KHTML,+like+Gecko)+Chrome/74.0.3729.131+Safari/537.36 http://localhost:3000/line 200 0 0 259
2019-05-08 09:45:00 ::1 GET /api/micro_pc/ - 3000 - ::1 Mozilla/5.0+(Windows+NT+6.3;+Win64;+x64)+AppleWebKit/537.36+(KHTML,+like+Gecko)+Chrome/74.0.3729.131+Safari/537.36 http://localhost:3000/micro_pc 200 0 0 199
2019-05-08 09:45:00 ::1 GET /api/department/ - 3000 - ::1 Mozilla/5.0+(Windows+NT+6.3;+Win64;+x64)+AppleWebKit/537.36+(KHTML,+like+Gecko)+Chrome/74.0.3729.131+Safari/537.36 http://localhost:3000/micro_pc 200 0 0 238
2019-05-08 09:45:00 ::1 GET /api/department/ - 3000 - ::1 Mozilla/5.0+(Windows+NT+6.3;+Win64;+x64)+AppleWebKit/537.36+(KHTML,+like+Gecko)+Chrome/74.0.3729.131+Safari/537.36 http://localhost:3000/micro_pc 200 0 0 209
2019-05-08 09:45:02 ::1 GET /api/line/ - 3000 - ::1 Mozilla/5.0+(Windows+NT+6.3;+Win64;+x64)+AppleWebKit/537.36+(KHTML,+like+Gecko)+Chrome/74.0.3729.131+Safari/537.36 http://localhost:3000/line 200 0 0 200
2019-05-08 09:45:02 ::1 GET /api/department/ - 3000 - ::1 Mozilla/5.0+(Windows+NT+6.3;+Win64;+x64)+AppleWebKit/537.36+(KHTML,+like+Gecko)+Chrome/74.0.3729.131+Safari/537.36 http://localhost:3000/line 200 0 0 196
2019-05-08 09:45:10 ::1 GET /api/current-user - 3000 - ::1 Mozilla/5.0+(Windows+NT+6.3;+Win64;+x64)+AppleWebKit/537.36+(KHTML,+like+Gecko)+Chrome/74.0.3729.131+Safari/537.36 http://localhost:3000/play_file 200 0 0 244
2019-05-08 09:45:10 ::1 GET /api/playfile/des - 3000 - ::1 Mozilla/5.0+(Windows+NT+6.3;+Win64;+x64)+AppleWebKit/537.36+(KHTML,+like+Gecko)+Chrome/74.0.3729.131+Safari/537.36 http://localhost:3000/play_file 200 0 0 261
2019-05-08 09:45:10 ::1 GET /api/setting/default_time - 3000 - ::1 Mozilla/5.0+(Windows+NT+6.3;+Win64;+x64)+AppleWebKit/537.36+(KHTML,+like+Gecko)+Chrome/74.0.3729.131+Safari/537.36 http://localhost:3000/play_file 200 0 0 250
2019-05-08 09:45:10 ::1 GET /api/department/ - 3000 - ::1 Mozilla/5.0+(Windows+NT+6.3;+Win64;+x64)+AppleWebKit/537.36+(KHTML,+like+Gecko)+Chrome/74.0.3729.131+Safari/537.36 http://localhost:3000/play_file 200 0 0 205
2019-05-08 09:45:30 ::1 GET /api/line/ - 3000 - ::1 Mozilla/5.0+(Windows+NT+6.3;+Win64;+x64)+AppleWebKit/537.36+(KHTML,+like+Gecko)+Chrome/74.0.3729.131+Safari/537.36 http://localhost:3000/line 200 0 0 200
2019-05-08 09:45:30 ::1 GET /api/department/ - 3000 - ::1 Mozilla/5.0+(Windows+NT+6.3;+Win64;+x64)+AppleWebKit/537.36+(KHTML,+like+Gecko)+Chrome/74.0.3729.131+Safari/537.36 http://localhost:3000/line 200 0 0 198
2019-05-08 09:45:36 ::1 GET /api/department/ - 3000 - ::1 Mozilla/5.0+(Windows+NT+6.3;+Win64;+x64)+AppleWebKit/537.36+(KHTML,+like+Gecko)+Chrome/74.0.3729.131+Safari/537.36 http://localhost:3000/micro_pc 200 0 0 198
2019-05-08 09:45:36 ::1 GET /api/micro_pc/ - 3000 - ::1 Mozilla/5.0+(Windows+NT+6.3;+Win64;+x64)+AppleWebKit/537.36+(KHTML,+like+Gecko)+Chrome/74.0.3729.131+Safari/537.36 http://localhost:3000/micro_pc 200 0 0 208
2019-05-08 09:45:36 ::1 GET /api/department/ - 3000 - ::1 Mozilla/5.0+(Windows+NT+6.3;+Win64;+x64)+AppleWebKit/537.36+(KHTML,+like+Gecko)+Chrome/74.0.3729.131+Safari/537.36 http://localhost:3000/micro_pc 200 0 0 219
2019-05-08 09:45:51 ::1 GET /api/micro_pc/ - 3000 - ::1 Mozilla/5.0+(Windows+NT+6.3;+Win64;+x64)+AppleWebKit/537.36+(KHTML,+like+Gecko)+Chrome/74.0.3729.131+Safari/537.36 http://localhost:3000/micro_pc 200 0 0 433
2019-05-08 09:45:53 ::1 DELETE /api/micro_pc/35 - 3000 - ::1 Mozilla/5.0+(Windows+NT+6.3;+Win64;+x64)+AppleWebKit/537.36+(KHTML,+like+Gecko)+Chrome/74.0.3729.131+Safari/537.36 http://localhost:3000/micro_pc 200 0 0 403
2019-05-08 09:45:53 ::1 GET /api/micro_pc/ - 3000 - ::1 Mozilla/5.0+(Windows+NT+6.3;+Win64;+x64)+AppleWebKit/537.36+(KHTML,+like+Gecko)+Chrome/74.0.3729.131+Safari/537.36 http://localhost:3000/micro_pc 200 0 0 314
2019-05-08 09:45:55 ::1 GET /api/line/ - 3000 - ::1 Mozilla/5.0+(Windows+NT+6.3;+Win64;+x64)+AppleWebKit/537.36+(KHTML,+like+Gecko)+Chrome/74.0.3729.131+Safari/537.36 http://localhost:3000/line 200 0 0 213
2019-05-08 09:45:55 ::1 GET /api/department/ - 3000 - ::1 Mozilla/5.0+(Windows+NT+6.3;+Win64;+x64)+AppleWebKit/537.36+(KHTML,+like+Gecko)+Chrome/74.0.3729.131+Safari/537.36 http://localhost:3000/line 200 0 0 210
2019-05-08 09:45:59 ::1 GET /api/department/ - 3000 - ::1 Mozilla/5.0+(Windows+NT+6.3;+Win64;+x64)+AppleWebKit/537.36+(KHTML,+like+Gecko)+Chrome/74.0.3729.131+Safari/537.36 http://localhost:3000/micro_pc 200 0 0 208
2019-05-08 09:45:59 ::1 GET /api/micro_pc/ - 3000 - ::1 Mozilla/5.0+(Windows+NT+6.3;+Win64;+x64)+AppleWebKit/537.36+(KHTML,+like+Gecko)+Chrome/74.0.3729.131+Safari/537.36 http://localhost:3000/micro_pc 200 0 0 216
2019-05-08 09:45:59 ::1 GET /api/department/ - 3000 - ::1 Mozilla/5.0+(Windows+NT+6.3;+Win64;+x64)+AppleWebKit/537.36+(KHTML,+like+Gecko)+Chrome/74.0.3729.131+Safari/537.36 http://localhost:3000/micro_pc 200 0 0 246
2019-05-08 09:46:06 ::1 GET /api/controlpc/ - 3000 - ::1 Mozilla/5.0+(Windows+NT+6.3;+Win64;+x64)+AppleWebKit/537.36+(KHTML,+like+Gecko)+Chrome/74.0.3729.131+Safari/537.36 http://localhost:3000/pc 200 0 0 192
2019-05-08 09:46:10 ::1 GET /api/micro_pc/ - 3000 - ::1 Mozilla/5.0+(Windows+NT+6.3;+Win64;+x64)+AppleWebKit/537.36+(KHTML,+like+Gecko)+Chrome/74.0.3729.131+Safari/537.36 http://localhost:3000/micro_pc 200 0 0 197
2019-05-08 09:46:10 ::1 GET /api/department/ - 3000 - ::1 Mozilla/5.0+(Windows+NT+6.3;+Win64;+x64)+AppleWebKit/537.36+(KHTML,+like+Gecko)+Chrome/74.0.3729.131+Safari/537.36 http://localhost:3000/micro_pc 200 0 0 234
2019-05-08 09:46:10 ::1 GET /api/department/ - 3000 - ::1 Mozilla/5.0+(Windows+NT+6.3;+Win64;+x64)+AppleWebKit/537.36+(KHTML,+like+Gecko)+Chrome/74.0.3729.131+Safari/537.36 http://localhost:3000/micro_pc 200 0 0 230
2019-05-08 09:48:31 ::1 GET /api/department/ - 3000 - ::1 Mozilla/5.0+(Windows+NT+6.3;+Win64;+x64)+AppleWebKit/537.36+(KHTML,+like+Gecko)+Chrome/74.0.3729.131+Safari/537.36 http://localhost:3000/line 200 0 0 270
2019-05-08 09:48:31 ::1 GET /api/line/ - 3000 - ::1 Mozilla/5.0+(Windows+NT+6.3;+Win64;+x64)+AppleWebKit/537.36+(KHTML,+like+Gecko)+Chrome/74.0.3729.131+Safari/537.36 http://localhost:3000/line 200 0 0 277
2019-05-08 09:48:36 ::1 GET /api/current-user - 3000 - ::1 Mozilla/5.0+(Windows+NT+6.3;+Win64;+x64)+AppleWebKit/537.36+(KHTML,+like+Gecko)+Chrome/74.0.3729.131+Safari/537.36 http://localhost:3000/play_file 200 0 0 229
2019-05-08 09:48:36 ::1 GET /api/setting/default_time - 3000 - ::1 Mozilla/5.0+(Windows+NT+6.3;+Win64;+x64)+AppleWebKit/537.36+(KHTML,+like+Gecko)+Chrome/74.0.3729.131+Safari/537.36 http://localhost:3000/play_file 200 0 0 321
2019-05-08 09:48:36 ::1 GET /api/playfile/des - 3000 - ::1 Mozilla/5.0+(Windows+NT+6.3;+Win64;+x64)+AppleWebKit/537.36+(KHTML,+like+Gecko)+Chrome/74.0.3729.131+Safari/537.36 http://localhost:3000/play_file 200 0 0 322
2019-05-08 09:48:36 ::1 GET /api/department/ - 3000 - ::1 Mozilla/5.0+(Windows+NT+6.3;+Win64;+x64)+AppleWebKit/537.36+(KHTML,+like+Gecko)+Chrome/74.0.3729.131+Safari/537.36 http://localhost:3000/play_file 200 0 0 229
2019-05-08 09:48:39 ::1 GET /api/line/department/3 - 3000 - ::1 Mozilla/5.0+(Windows+NT+6.3;+Win64;+x64)+AppleWebKit/537.36+(KHTML,+like+Gecko)+Chrome/74.0.3729.131+Safari/537.36 http://localhost:3000/play_file 200 0 0 253
2019-05-08 09:48:42 ::1 GET /api/line/1 - 3000 - ::1 Mozilla/5.0+(Windows+NT+6.3;+Win64;+x64)+AppleWebKit/537.36+(KHTML,+like+Gecko)+Chrome/74.0.3729.131+Safari/537.36 http://localhost:3000/play_file 200 0 0 248
2019-05-08 09:48:42 ::1 GET /api/line/1/micros - 3000 - ::1 Mozilla/5.0+(Windows+NT+6.3;+Win64;+x64)+AppleWebKit/537.36+(KHTML,+like+Gecko)+Chrome/74.0.3729.131+Safari/537.36 http://localhost:3000/play_file 200 0 0 258
2019-05-08 09:50:44 ::1 GET /api/line/department/6 - 3000 - ::1 Mozilla/5.0+(Windows+NT+6.3;+Win64;+x64)+AppleWebKit/537.36+(KHTML,+like+Gecko)+Chrome/74.0.3729.131+Safari/537.36 http://localhost:3000/play_file 200 0 0 320
2019-05-08 09:50:47 ::1 GET /api/line/department/3 - 3000 - ::1 Mozilla/5.0+(Windows+NT+6.3;+Win64;+x64)+AppleWebKit/537.36+(KHTML,+like+Gecko)+Chrome/74.0.3729.131+Safari/537.36 http://localhost:3000/play_file 200 0 0 274
2019-05-08 09:50:50 ::1 GET /api/line/1 - 3000 - ::1 Mozilla/5.0+(Windows+NT+6.3;+Win64;+x64)+AppleWebKit/537.36+(KHTML,+like+Gecko)+Chrome/74.0.3729.131+Safari/537.36 http://localhost:3000/play_file 200 0 0 238
2019-05-08 09:50:50 ::1 GET /api/line/1/micros - 3000 - ::1 Mozilla/5.0+(Windows+NT+6.3;+Win64;+x64)+AppleWebKit/537.36+(KHTML,+like+Gecko)+Chrome/74.0.3729.131+Safari/537.36 http://localhost:3000/play_file 200 0 0 328
2019-05-08 09:51:30 ::1 GET /api/line/department/6 - 3000 - ::1 Mozilla/5.0+(Windows+NT+6.3;+Win64;+x64)+AppleWebKit/537.36+(KHTML,+like+Gecko)+Chrome/74.0.3729.131+Safari/537.36 http://localhost:3000/play_file 200 0 0 238
2019-05-08 09:51:36 ::1 GET /api/line/2 - 3000 - ::1 Mozilla/5.0+(Windows+NT+6.3;+Win64;+x64)+AppleWebKit/537.36+(KHTML,+like+Gecko)+Chrome/74.0.3729.131+Safari/537.36 http://localhost:3000/play_file 200 0 0 238
2019-05-08 09:51:36 ::1 GET /api/line/2/micros - 3000 - ::1 Mozilla/5.0+(Windows+NT+6.3;+Win64;+x64)+AppleWebKit/537.36+(KHTML,+like+Gecko)+Chrome/74.0.3729.131+Safari/537.36 http://localhost:3000/play_file 200 0 0 254
2019-05-08 09:51:50 ::1 GET /api/department/ - 3000 - ::1 Mozilla/5.0+(Windows+NT+6.3;+Win64;+x64)+AppleWebKit/537.36+(KHTML,+like+Gecko)+Chrome/74.0.3729.131+Safari/537.36 http://localhost:3000/line 200 0 0 216
2019-05-08 09:51:50 ::1 GET /api/line/ - 3000 - ::1 Mozilla/5.0+(Windows+NT+6.3;+Win64;+x64)+AppleWebKit/537.36+(KHTML,+like+Gecko)+Chrome/74.0.3729.131+Safari/537.36 http://localhost:3000/line 200 0 0 228
2019-05-08 09:51:59 ::1 GET /api/line/edit/6/2/micros - 3000 - ::1 Mozilla/5.0+(Windows+NT+6.3;+Win64;+x64)+AppleWebKit/537.36+(KHTML,+like+Gecko)+Chrome/74.0.3729.131+Safari/537.36 http://localhost:3000/line 200 0 0 230
2019-05-08 09:51:59 ::1 GET /api/department/6/users - 3000 - ::1 Mozilla/5.0+(Windows+NT+6.3;+Win64;+x64)+AppleWebKit/537.36+(KHTML,+like+Gecko)+Chrome/74.0.3729.131+Safari/537.36 http://localhost:3000/line 200 0 0 285
2019-05-08 09:52:16 ::1 GET /api/line/ - 3000 - ::1 Mozilla/5.0+(Windows+NT+6.3;+Win64;+x64)+AppleWebKit/537.36+(KHTML,+like+Gecko)+Chrome/74.0.3729.131+Safari/537.36 http://localhost:3000/line 200 0 0 214
2019-05-08 09:53:08 ::1 GET /api/department/3/users - 3000 - ::1 Mozilla/5.0+(Windows+NT+6.3;+Win64;+x64)+AppleWebKit/537.36+(KHTML,+like+Gecko)+Chrome/74.0.3729.131+Safari/537.36 http://localhost:3000/line 200 0 0 232
2019-05-08 09:53:08 ::1 GET /api/line/add/micros/3 - 3000 - ::1 Mozilla/5.0+(Windows+NT+6.3;+Win64;+x64)+AppleWebKit/537.36+(KHTML,+like+Gecko)+Chrome/74.0.3729.131+Safari/537.36 http://localhost:3000/line 200 0 0 279
2019-05-08 09:53:20 ::1 POST /api/line/ - 3000 - ::1 Mozilla/5.0+(Windows+NT+6.3;+Win64;+x64)+AppleWebKit/537.36+(KHTML,+like+Gecko)+Chrome/74.0.3729.131+Safari/537.36 http://localhost:3000/line 200 0 0 238
2019-05-08 09:53:20 ::1 GET /api/line/ - 3000 - ::1 Mozilla/5.0+(Windows+NT+6.3;+Win64;+x64)+AppleWebKit/537.36+(KHTML,+like+Gecko)+Chrome/74.0.3729.131+Safari/537.36 http://localhost:3000/line 200 0 0 246
2019-05-08 09:53:25 ::1 GET /api/department/3/users - 3000 - ::1 Mozilla/5.0+(Windows+NT+6.3;+Win64;+x64)+AppleWebKit/537.36+(KHTML,+like+Gecko)+Chrome/74.0.3729.131+Safari/537.36 http://localhost:3000/line 200 0 0 239
2019-05-08 09:53:25 ::1 GET /api/line/edit/3/1/micros - 3000 - ::1 Mozilla/5.0+(Windows+NT+6.3;+Win64;+x64)+AppleWebKit/537.36+(KHTML,+like+Gecko)+Chrome/74.0.3729.131+Safari/537.36 http://localhost:3000/line 200 0 0 303
2019-05-08 09:54:10 ::1 PUT /api/line/1 - 3000 - ::1 Mozilla/5.0+(Windows+NT+6.3;+Win64;+x64)+AppleWebKit/537.36+(KHTML,+like+Gecko)+Chrome/74.0.3729.131+Safari/537.36 http://localhost:3000/line 400 0 0 188
2019-05-08 09:54:29 ::1 GET /api/line/ - 3000 - ::1 Mozilla/5.0+(Windows+NT+6.3;+Win64;+x64)+AppleWebKit/537.36+(KHTML,+like+Gecko)+Chrome/74.0.3729.131+Safari/537.36 http://localhost:3000/line 200 0 0 271
2019-05-08 09:54:31 ::1 GET /api/department/3/users - 3000 - ::1 Mozilla/5.0+(Windows+NT+6.3;+Win64;+x64)+AppleWebKit/537.36+(KHTML,+like+Gecko)+Chrome/74.0.3729.131+Safari/537.36 http://localhost:3000/line 200 0 0 230
2019-05-08 09:54:31 ::1 GET /api/line/edit/3/8/micros - 3000 - ::1 Mozilla/5.0+(Windows+NT+6.3;+Win64;+x64)+AppleWebKit/537.36+(KHTML,+like+Gecko)+Chrome/74.0.3729.131+Safari/537.36 http://localhost:3000/line 200 0 0 241
2019-05-08 09:55:08 ::1 PUT /api/line/8 - 3000 - ::1 Mozilla/5.0+(Windows+NT+6.3;+Win64;+x64)+AppleWebKit/537.36+(KHTML,+like+Gecko)+Chrome/74.0.3729.131+Safari/537.36 http://localhost:3000/line 200 0 0 188
2019-05-08 09:55:08 ::1 GET /api/line/ - 3000 - ::1 Mozilla/5.0+(Windows+NT+6.3;+Win64;+x64)+AppleWebKit/537.36+(KHTML,+like+Gecko)+Chrome/74.0.3729.131+Safari/537.36 http://localhost:3000/line 200 0 0 254
2019-05-08 09:55:17 ::1 GET /api/department/ - 3000 - ::1 Mozilla/5.0+(Windows+NT+6.3;+Win64;+x64)+AppleWebKit/537.36+(KHTML,+like+Gecko)+Chrome/74.0.3729.131+Safari/537.36 http://localhost:3000/micro_pc 200 0 0 208
2019-05-08 09:55:17 ::1 GET /api/micro_pc/ - 3000 - ::1 Mozilla/5.0+(Windows+NT+6.3;+Win64;+x64)+AppleWebKit/537.36+(KHTML,+like+Gecko)+Chrome/74.0.3729.131+Safari/537.36 http://localhost:3000/micro_pc 200 0 0 253
2019-05-08 09:55:17 ::1 GET /api/department/ - 3000 - ::1 Mozilla/5.0+(Windows+NT+6.3;+Win64;+x64)+AppleWebKit/537.36+(KHTML,+like+Gecko)+Chrome/74.0.3729.131+Safari/537.36 http://localhost:3000/micro_pc 200 0 0 234
2019-05-08 09:56:03 ::1 GET /api/micro_pc/ - 3000 - ::1 Mozilla/5.0+(Windows+NT+6.3;+Win64;+x64)+AppleWebKit/537.36+(KHTML,+like+Gecko)+Chrome/74.0.3729.131+Safari/537.36 http://localhost:3000/micro_pc 200 0 0 174
2019-05-08 09:56:05 ::1 GET /api/line/ - 3000 - ::1 Mozilla/5.0+(Windows+NT+6.3;+Win64;+x64)+AppleWebKit/537.36+(KHTML,+like+Gecko)+Chrome/74.0.3729.131+Safari/537.36 http://localhost:3000/line 200 0 0 211
2019-05-08 09:56:05 ::1 GET /api/department/ - 3000 - ::1 Mozilla/5.0+(Windows+NT+6.3;+Win64;+x64)+AppleWebKit/537.36+(KHTML,+like+Gecko)+Chrome/74.0.3729.131+Safari/537.36 http://localhost:3000/line 200 0 0 209
2019-05-08 09:56:46 ::1 GET /api/department/ - 3000 - ::1 Mozilla/5.0+(Windows+NT+6.3;+Win64;+x64)+AppleWebKit/537.36+(KHTML,+like+Gecko)+Chrome/74.0.3729.131+Safari/537.36 http://localhost:3000/micro_pc 200 0 0 210
2019-05-08 09:56:46 ::1 GET /api/micro_pc/ - 3000 - ::1 Mozilla/5.0+(Windows+NT+6.3;+Win64;+x64)+AppleWebKit/537.36+(KHTML,+like+Gecko)+Chrome/74.0.3729.131+Safari/537.36 http://localhost:3000/micro_pc 200 0 0 219
2019-05-08 09:56:46 ::1 GET /api/department/ - 3000 - ::1 Mozilla/5.0+(Windows+NT+6.3;+Win64;+x64)+AppleWebKit/537.36+(KHTML,+like+Gecko)+Chrome/74.0.3729.131+Safari/537.36 http://localhost:3000/micro_pc 200 0 0 246
2019-05-08 09:57:50 ::1 POST /api/micro_pc/ - 3000 - ::1 Mozilla/5.0+(Windows+NT+6.3;+Win64;+x64)+AppleWebKit/537.36+(KHTML,+like+Gecko)+Chrome/74.0.3729.131+Safari/537.36 http://localhost:3000/micro_pc 422 0 0 225
2019-05-08 09:57:54 ::1 GET /api/micro_pc/ - 3000 - ::1 Mozilla/5.0+(Windows+NT+6.3;+Win64;+x64)+AppleWebKit/537.36+(KHTML,+like+Gecko)+Chrome/74.0.3729.131+Safari/537.36 http://localhost:3000/micro_pc 200 0 0 256
2019-05-08 09:57:58 ::1 GET /api/line/ - 3000 - ::1 Mozilla/5.0+(Windows+NT+6.3;+Win64;+x64)+AppleWebKit/537.36+(KHTML,+like+Gecko)+Chrome/74.0.3729.131+Safari/537.36 http://localhost:3000/line 200 0 0 213
2019-05-08 09:57:58 ::1 GET /api/department/ - 3000 - ::1 Mozilla/5.0+(Windows+NT+6.3;+Win64;+x64)+AppleWebKit/537.36+(KHTML,+like+Gecko)+Chrome/74.0.3729.131+Safari/537.36 http://localhost:3000/line 200 0 0 260
2019-05-08 09:58:06 ::1 GET /api/department/ - 3000 - ::1 Mozilla/5.0+(Windows+NT+6.3;+Win64;+x64)+AppleWebKit/537.36+(KHTML,+like+Gecko)+Chrome/74.0.3729.131+Safari/537.36 http://localhost:3000/micro_pc 200 0 0 199
2019-05-08 09:58:06 ::1 GET /api/micro_pc/ - 3000 - ::1 Mozilla/5.0+(Windows+NT+6.3;+Win64;+x64)+AppleWebKit/537.36+(KHTML,+like+Gecko)+Chrome/74.0.3729.131+Safari/537.36 http://localhost:3000/micro_pc 200 0 0 207
2019-05-08 09:58:06 ::1 GET /api/department/ - 3000 - ::1 Mozilla/5.0+(Windows+NT+6.3;+Win64;+x64)+AppleWebKit/537.36+(KHTML,+like+Gecko)+Chrome/74.0.3729.131+Safari/537.36 http://localhost:3000/micro_pc 200 0 0 202
2019-05-08 09:58:19 ::1 GET /api/micro_pc/ - 3000 - ::1 Mozilla/5.0+(Windows+NT+6.3;+Win64;+x64)+AppleWebKit/537.36+(KHTML,+like+Gecko)+Chrome/74.0.3729.131+Safari/537.36 http://localhost:3000/micro_pc 200 0 0 269
2019-05-08 09:58:23 ::1 DELETE /api/micro_pc/4 - 3000 - ::1 Mozilla/5.0+(Windows+NT+6.3;+Win64;+x64)+AppleWebKit/537.36+(KHTML,+like+Gecko)+Chrome/74.0.3729.131+Safari/537.36 http://localhost:3000/micro_pc 200 0 0 533
2019-05-08 09:58:23 ::1 GET /api/micro_pc/ - 3000 - ::1 Mozilla/5.0+(Windows+NT+6.3;+Win64;+x64)+AppleWebKit/537.36+(KHTML,+like+Gecko)+Chrome/74.0.3729.131+Safari/537.36 http://localhost:3000/micro_pc 200 0 0 246
2019-05-08 09:59:00 ::1 POST /api/micro_pc/ - 3000 - ::1 Mozilla/5.0+(Windows+NT+6.3;+Win64;+x64)+AppleWebKit/537.36+(KHTML,+like+Gecko)+Chrome/74.0.3729.131+Safari/537.36 http://localhost:3000/micro_pc 200 0 0 238
2019-05-08 09:59:00 ::1 GET /api/micro_pc/ - 3000 - ::1 Mozilla/5.0+(Windows+NT+6.3;+Win64;+x64)+AppleWebKit/537.36+(KHTML,+like+Gecko)+Chrome/74.0.3729.131+Safari/537.36 http://localhost:3000/micro_pc 200 0 0 299
2019-05-08 09:59:27 ::1 GET /api/line/ - 3000 - ::1 Mozilla/5.0+(Windows+NT+6.3;+Win64;+x64)+AppleWebKit/537.36+(KHTML,+like+Gecko)+Chrome/74.0.3729.131+Safari/537.36 http://localhost:3000/line 200 0 0 214
2019-05-08 09:59:27 ::1 GET /api/department/ - 3000 - ::1 Mozilla/5.0+(Windows+NT+6.3;+Win64;+x64)+AppleWebKit/537.36+(KHTML,+like+Gecko)+Chrome/74.0.3729.131+Safari/537.36 http://localhost:3000/line 200 0 0 220
2019-05-08 09:59:33 ::1 GET /api/department/3/users - 3000 - ::1 Mozilla/5.0+(Windows+NT+6.3;+Win64;+x64)+AppleWebKit/537.36+(KHTML,+like+Gecko)+Chrome/74.0.3729.131+Safari/537.36 http://localhost:3000/line 200 0 0 233
2019-05-08 09:59:33 ::1 GET /api/line/edit/3/8/micros - 3000 - ::1 Mozilla/5.0+(Windows+NT+6.3;+Win64;+x64)+AppleWebKit/537.36+(KHTML,+like+Gecko)+Chrome/74.0.3729.131+Safari/537.36 http://localhost:3000/line 200 0 0 233
2019-05-08 09:59:47 ::1 PUT /api/line/8 - 3000 - ::1 Mozilla/5.0+(Windows+NT+6.3;+Win64;+x64)+AppleWebKit/537.36+(KHTML,+like+Gecko)+Chrome/74.0.3729.131+Safari/537.36 http://localhost:3000/line 200 0 0 174
2019-05-08 09:59:47 ::1 GET /api/line/ - 3000 - ::1 Mozilla/5.0+(Windows+NT+6.3;+Win64;+x64)+AppleWebKit/537.36+(KHTML,+like+Gecko)+Chrome/74.0.3729.131+Safari/537.36 http://localhost:3000/line 200 0 0 250
2019-05-08 09:59:53 ::1 GET /api/department/ - 3000 - ::1 Mozilla/5.0+(Windows+NT+6.3;+Win64;+x64)+AppleWebKit/537.36+(KHTML,+like+Gecko)+Chrome/74.0.3729.131+Safari/537.36 http://localhost:3000/micro_pc 200 0 0 198
2019-05-08 09:59:53 ::1 GET /api/micro_pc/ - 3000 - ::1 Mozilla/5.0+(Windows+NT+6.3;+Win64;+x64)+AppleWebKit/537.36+(KHTML,+like+Gecko)+Chrome/74.0.3729.131+Safari/537.36 http://localhost:3000/micro_pc 200 0 0 203
2019-05-08 09:59:53 ::1 GET /api/department/ - 3000 - ::1 Mozilla/5.0+(Windows+NT+6.3;+Win64;+x64)+AppleWebKit/537.36+(KHTML,+like+Gecko)+Chrome/74.0.3729.131+Safari/537.36 http://localhost:3000/micro_pc 200 0 0 204
2019-05-08 10:00:25 ::1 GET /api/micro_pc/ - 3000 - ::1 Mozilla/5.0+(Windows+NT+6.3;+Win64;+x64)+AppleWebKit/537.36+(KHTML,+like+Gecko)+Chrome/74.0.3729.131+Safari/537.36 http://localhost:3000/micro_pc 200 0 0 572
2019-05-08 10:00:28 ::1 DELETE /api/micro_pc/5 - 3000 - ::1 Mozilla/5.0+(Windows+NT+6.3;+Win64;+x64)+AppleWebKit/537.36+(KHTML,+like+Gecko)+Chrome/74.0.3729.131+Safari/537.36 http://localhost:3000/micro_pc 200 0 0 613
2019-05-08 10:00:28 ::1 GET /api/micro_pc/ - 3000 - ::1 Mozilla/5.0+(Windows+NT+6.3;+Win64;+x64)+AppleWebKit/537.36+(KHTML,+like+Gecko)+Chrome/74.0.3729.131+Safari/537.36 http://localhost:3000/micro_pc 200 0 0 194
2019-05-08 10:00:32 ::1 GET /api/micro_pc/ - 3000 - ::1 Mozilla/5.0+(Windows+NT+6.3;+Win64;+x64)+AppleWebKit/537.36+(KHTML,+like+Gecko)+Chrome/74.0.3729.131+Safari/537.36 http://localhost:3000/micro_pc 200 0 0 294
2019-05-08 10:00:34 ::1 DELETE /api/micro_pc/6 - 3000 - ::1 Mozilla/5.0+(Windows+NT+6.3;+Win64;+x64)+AppleWebKit/537.36+(KHTML,+like+Gecko)+Chrome/74.0.3729.131+Safari/537.36 http://localhost:3000/micro_pc 200 0 0 338
2019-05-08 10:00:34 ::1 GET /api/micro_pc/ - 3000 - ::1 Mozilla/5.0+(Windows+NT+6.3;+Win64;+x64)+AppleWebKit/537.36+(KHTML,+like+Gecko)+Chrome/74.0.3729.131+Safari/537.36 http://localhost:3000/micro_pc 200 0 0 301
2019-05-08 10:00:40 ::1 GET /api/micro_pc/ - 3000 - ::1 Mozilla/5.0+(Windows+NT+6.3;+Win64;+x64)+AppleWebKit/537.36+(KHTML,+like+Gecko)+Chrome/74.0.3729.131+Safari/537.36 http://localhost:3000/micro_pc 200 0 0 297
2019-05-08 10:00:41 ::1 DELETE /api/micro_pc/33 - 3000 - ::1 Mozilla/5.0+(Windows+NT+6.3;+Win64;+x64)+AppleWebKit/537.36+(KHTML,+like+Gecko)+Chrome/74.0.3729.131+Safari/537.36 http://localhost:3000/micro_pc 200 0 0 270
2019-05-08 10:00:41 ::1 GET /api/micro_pc/ - 3000 - ::1 Mozilla/5.0+(Windows+NT+6.3;+Win64;+x64)+AppleWebKit/537.36+(KHTML,+like+Gecko)+Chrome/74.0.3729.131+Safari/537.36 http://localhost:3000/micro_pc 200 0 0 521
2019-05-08 10:00:45 ::1 GET /api/micro_pc/ - 3000 - ::1 Mozilla/5.0+(Windows+NT+6.3;+Win64;+x64)+AppleWebKit/537.36+(KHTML,+like+Gecko)+Chrome/74.0.3729.131+Safari/537.36 http://localhost:3000/micro_pc 200 0 0 208
2019-05-08 10:00:46 ::1 DELETE /api/micro_pc/34 - 3000 - ::1 Mozilla/5.0+(Windows+NT+6.3;+Win64;+x64)+AppleWebKit/537.36+(KHTML,+like+Gecko)+Chrome/74.0.3729.131+Safari/537.36 http://localhost:3000/micro_pc 200 0 0 307
2019-05-08 10:00:46 ::1 GET /api/micro_pc/ - 3000 - ::1 Mozilla/5.0+(Windows+NT+6.3;+Win64;+x64)+AppleWebKit/537.36+(KHTML,+like+Gecko)+Chrome/74.0.3729.131+Safari/537.36 http://localhost:3000/micro_pc 200 0 0 635
2019-05-08 10:00:48 ::1 GET /api/line/ - 3000 - ::1 Mozilla/5.0+(Windows+NT+6.3;+Win64;+x64)+AppleWebKit/537.36+(KHTML,+like+Gecko)+Chrome/74.0.3729.131+Safari/537.36 http://localhost:3000/line 200 0 0 214
2019-05-08 10:00:48 ::1 GET /api/department/ - 3000 - ::1 Mozilla/5.0+(Windows+NT+6.3;+Win64;+x64)+AppleWebKit/537.36+(KHTML,+like+Gecko)+Chrome/74.0.3729.131+Safari/537.36 http://localhost:3000/line 200 0 0 211
2019-05-08 10:00:52 ::1 GET /api/department/ - 3000 - ::1 Mozilla/5.0+(Windows+NT+6.3;+Win64;+x64)+AppleWebKit/537.36+(KHTML,+like+Gecko)+Chrome/74.0.3729.131+Safari/537.36 http://localhost:3000/micro_pc 200 0 0 198
2019-05-08 10:00:52 ::1 GET /api/micro_pc/ - 3000 - ::1 Mozilla/5.0+(Windows+NT+6.3;+Win64;+x64)+AppleWebKit/537.36+(KHTML,+like+Gecko)+Chrome/74.0.3729.131+Safari/537.36 http://localhost:3000/micro_pc 200 0 0 202
2019-05-08 10:00:52 ::1 GET /api/department/ - 3000 - ::1 Mozilla/5.0+(Windows+NT+6.3;+Win64;+x64)+AppleWebKit/537.36+(KHTML,+like+Gecko)+Chrome/74.0.3729.131+Safari/537.36 http://localhost:3000/micro_pc 200 0 0 218
2019-05-08 10:01:28 ::1 POST /api/micro_pc/ - 3000 - ::1 Mozilla/5.0+(Windows+NT+6.3;+Win64;+x64)+AppleWebKit/537.36+(KHTML,+like+Gecko)+Chrome/74.0.3729.131+Safari/537.36 http://localhost:3000/micro_pc 200 0 0 210
2019-05-08 10:01:28 ::1 GET /api/micro_pc/ - 3000 - ::1 Mozilla/5.0+(Windows+NT+6.3;+Win64;+x64)+AppleWebKit/537.36+(KHTML,+like+Gecko)+Chrome/74.0.3729.131+Safari/537.36 http://localhost:3000/micro_pc 200 0 0 328
2019-05-08 10:01:48 ::1 POST /api/micro_pc/ - 3000 - ::1 Mozilla/5.0+(Windows+NT+6.3;+Win64;+x64)+AppleWebKit/537.36+(KHTML,+like+Gecko)+Chrome/74.0.3729.131+Safari/537.36 http://localhost:3000/micro_pc 200 0 0 228
2019-05-08 10:01:48 ::1 GET /api/micro_pc/ - 3000 - ::1 Mozilla/5.0+(Windows+NT+6.3;+Win64;+x64)+AppleWebKit/537.36+(KHTML,+like+Gecko)+Chrome/74.0.3729.131+Safari/537.36 http://localhost:3000/micro_pc 200 0 0 256
2019-05-08 10:01:52 ::1 GET /api/line/ - 3000 - ::1 Mozilla/5.0+(Windows+NT+6.3;+Win64;+x64)+AppleWebKit/537.36+(KHTML,+like+Gecko)+Chrome/74.0.3729.131+Safari/537.36 http://localhost:3000/line 200 0 0 211
2019-05-08 10:01:52 ::1 GET /api/department/ - 3000 - ::1 Mozilla/5.0+(Windows+NT+6.3;+Win64;+x64)+AppleWebKit/537.36+(KHTML,+like+Gecko)+Chrome/74.0.3729.131+Safari/537.36 http://localhost:3000/line 200 0 0 302
2019-05-08 10:01:54 ::1 GET /api/line/edit/3/8/micros - 3000 - ::1 Mozilla/5.0+(Windows+NT+6.3;+Win64;+x64)+AppleWebKit/537.36+(KHTML,+like+Gecko)+Chrome/74.0.3729.131+Safari/537.36 http://localhost:3000/line 200 0 0 250
2019-05-08 10:01:54 ::1 GET /api/department/3/users - 3000 - ::1 Mozilla/5.0+(Windows+NT+6.3;+Win64;+x64)+AppleWebKit/537.36+(KHTML,+like+Gecko)+Chrome/74.0.3729.131+Safari/537.36 http://localhost:3000/line 200 0 0 251
2019-05-08 10:02:04 ::1 GET /api/department/ - 3000 - ::1 Mozilla/5.0+(Windows+NT+6.3;+Win64;+x64)+AppleWebKit/537.36+(KHTML,+like+Gecko)+Chrome/74.0.3729.131+Safari/537.36 http://localhost:3000/micro_pc 200 0 0 198
2019-05-08 10:02:04 ::1 GET /api/micro_pc/ - 3000 - ::1 Mozilla/5.0+(Windows+NT+6.3;+Win64;+x64)+AppleWebKit/537.36+(KHTML,+like+Gecko)+Chrome/74.0.3729.131+Safari/537.36 http://localhost:3000/micro_pc 200 0 0 204
2019-05-08 10:02:04 ::1 GET /api/department/ - 3000 - ::1 Mozilla/5.0+(Windows+NT+6.3;+Win64;+x64)+AppleWebKit/537.36+(KHTML,+like+Gecko)+Chrome/74.0.3729.131+Safari/537.36 http://localhost:3000/micro_pc 200 0 0 224
2019-05-08 10:02:32 ::1 POST /api/micro_pc/ - 3000 - ::1 Mozilla/5.0+(Windows+NT+6.3;+Win64;+x64)+AppleWebKit/537.36+(KHTML,+like+Gecko)+Chrome/74.0.3729.131+Safari/537.36 http://localhost:3000/micro_pc 200 0 0 253
2019-05-08 10:02:32 ::1 GET /api/micro_pc/ - 3000 - ::1 Mozilla/5.0+(Windows+NT+6.3;+Win64;+x64)+AppleWebKit/537.36+(KHTML,+like+Gecko)+Chrome/74.0.3729.131+Safari/537.36 http://localhost:3000/micro_pc 200 0 0 326
2019-05-08 10:03:50 ::1 POST /api/micro_pc/ - 3000 - ::1 Mozilla/5.0+(Windows+NT+6.3;+Win64;+x64)+AppleWebKit/537.36+(KHTML,+like+Gecko)+Chrome/74.0.3729.131+Safari/537.36 http://localhost:3000/micro_pc 200 0 0 240
2019-05-08 10:03:50 ::1 GET /api/micro_pc/ - 3000 - ::1 Mozilla/5.0+(Windows+NT+6.3;+Win64;+x64)+AppleWebKit/537.36+(KHTML,+like+Gecko)+Chrome/74.0.3729.131+Safari/537.36 http://localhost:3000/micro_pc 200 0 0 331
2019-05-08 10:03:53 ::1 GET /api/line/ - 3000 - ::1 Mozilla/5.0+(Windows+NT+6.3;+Win64;+x64)+AppleWebKit/537.36+(KHTML,+like+Gecko)+Chrome/74.0.3729.131+Safari/537.36 http://localhost:3000/line 200 0 0 216
2019-05-08 10:03:53 ::1 GET /api/department/ - 3000 - ::1 Mozilla/5.0+(Windows+NT+6.3;+Win64;+x64)+AppleWebKit/537.36+(KHTML,+like+Gecko)+Chrome/74.0.3729.131+Safari/537.36 http://localhost:3000/line 200 0 0 255
2019-05-08 10:03:55 ::1 GET /api/line/edit/3/8/micros - 3000 - ::1 Mozilla/5.0+(Windows+NT+6.3;+Win64;+x64)+AppleWebKit/537.36+(KHTML,+like+Gecko)+Chrome/74.0.3729.131+Safari/537.36 http://localhost:3000/line 200 0 0 244
2019-05-08 10:03:55 ::1 GET /api/department/3/users - 3000 - ::1 Mozilla/5.0+(Windows+NT+6.3;+Win64;+x64)+AppleWebKit/537.36+(KHTML,+like+Gecko)+Chrome/74.0.3729.131+Safari/537.36 http://localhost:3000/line 200 0 0 272
2019-05-08 10:04:02 ::1 PUT /api/line/8 - 3000 - ::1 Mozilla/5.0+(Windows+NT+6.3;+Win64;+x64)+AppleWebKit/537.36+(KHTML,+like+Gecko)+Chrome/74.0.3729.131+Safari/537.36 http://localhost:3000/line 200 0 0 180
2019-05-08 10:04:02 ::1 GET /api/line/ - 3000 - ::1 Mozilla/5.0+(Windows+NT+6.3;+Win64;+x64)+AppleWebKit/537.36+(KHTML,+like+Gecko)+Chrome/74.0.3729.131+Safari/537.36 http://localhost:3000/line 200 0 0 289
2019-05-08 10:04:08 ::1 GET /api/line/edit/6/2/micros - 3000 - ::1 Mozilla/5.0+(Windows+NT+6.3;+Win64;+x64)+AppleWebKit/537.36+(KHTML,+like+Gecko)+Chrome/74.0.3729.131+Safari/537.36 http://localhost:3000/line 200 0 0 222
2019-05-08 10:04:08 ::1 GET /api/department/6/users - 3000 - ::1 Mozilla/5.0+(Windows+NT+6.3;+Win64;+x64)+AppleWebKit/537.36+(KHTML,+like+Gecko)+Chrome/74.0.3729.131+Safari/537.36 http://localhost:3000/line 200 0 0 223
2019-05-08 10:04:36 ::1 GET /api/line/ - 3000 - ::1 Mozilla/5.0+(Windows+NT+6.3;+Win64;+x64)+AppleWebKit/537.36+(KHTML,+like+Gecko)+Chrome/74.0.3729.131+Safari/537.36 http://localhost:3000/line 200 0 0 217
2019-05-08 10:04:54 ::1 GET /api/line/add/micros/3 - 3000 - ::1 Mozilla/5.0+(Windows+NT+6.3;+Win64;+x64)+AppleWebKit/537.36+(KHTML,+like+Gecko)+Chrome/74.0.3729.131+Safari/537.36 http://localhost:3000/line 200 0 0 234
2019-05-08 10:04:54 ::1 GET /api/department/3/users - 3000 - ::1 Mozilla/5.0+(Windows+NT+6.3;+Win64;+x64)+AppleWebKit/537.36+(KHTML,+like+Gecko)+Chrome/74.0.3729.131+Safari/537.36 http://localhost:3000/line 200 0 0 236
2019-05-08 10:05:15 ::1 POST /api/line/ - 3000 - ::1 Mozilla/5.0+(Windows+NT+6.3;+Win64;+x64)+AppleWebKit/537.36+(KHTML,+like+Gecko)+Chrome/74.0.3729.131+Safari/537.36 http://localhost:3000/line 200 0 0 233
2019-05-08 10:05:15 ::1 GET /api/line/ - 3000 - ::1 Mozilla/5.0+(Windows+NT+6.3;+Win64;+x64)+AppleWebKit/537.36+(KHTML,+like+Gecko)+Chrome/74.0.3729.131+Safari/537.36 http://localhost:3000/line 200 0 0 257
2019-05-08 10:05:31 ::1 GET /api/department/3/users - 3000 - ::1 Mozilla/5.0+(Windows+NT+6.3;+Win64;+x64)+AppleWebKit/537.36+(KHTML,+like+Gecko)+Chrome/74.0.3729.131+Safari/537.36 http://localhost:3000/line 200 0 0 261
2019-05-08 10:05:31 ::1 GET /api/line/edit/3/1/micros - 3000 - ::1 Mozilla/5.0+(Windows+NT+6.3;+Win64;+x64)+AppleWebKit/537.36+(KHTML,+like+Gecko)+Chrome/74.0.3729.131+Safari/537.36 http://localhost:3000/line 200 0 0 359
2019-05-08 10:05:40 ::1 PUT /api/line/1 - 3000 - ::1 Mozilla/5.0+(Windows+NT+6.3;+Win64;+x64)+AppleWebKit/537.36+(KHTML,+like+Gecko)+Chrome/74.0.3729.131+Safari/537.36 http://localhost:3000/line 400 0 0 174
2019-05-08 10:05:42 ::1 GET /api/line/edit/3/9/micros - 3000 - ::1 Mozilla/5.0+(Windows+NT+6.3;+Win64;+x64)+AppleWebKit/537.36+(KHTML,+like+Gecko)+Chrome/74.0.3729.131+Safari/537.36 http://localhost:3000/line 200 0 0 212
2019-05-08 10:05:42 ::1 GET /api/department/3/users - 3000 - ::1 Mozilla/5.0+(Windows+NT+6.3;+Win64;+x64)+AppleWebKit/537.36+(KHTML,+like+Gecko)+Chrome/74.0.3729.131+Safari/537.36 http://localhost:3000/line 200 0 0 214
2019-05-08 10:05:45 ::1 PUT /api/line/9 - 3000 - ::1 Mozilla/5.0+(Windows+NT+6.3;+Win64;+x64)+AppleWebKit/537.36+(KHTML,+like+Gecko)+Chrome/74.0.3729.131+Safari/537.36 http://localhost:3000/line 200 0 0 176
2019-05-08 10:05:45 ::1 GET /api/line/ - 3000 - ::1 Mozilla/5.0+(Windows+NT+6.3;+Win64;+x64)+AppleWebKit/537.36+(KHTML,+like+Gecko)+Chrome/74.0.3729.131+Safari/537.36 http://localhost:3000/line 200 0 0 253
2019-05-08 10:06:02 ::1 GET /api/department/3/users - 3000 - ::1 Mozilla/5.0+(Windows+NT+6.3;+Win64;+x64)+AppleWebKit/537.36+(KHTML,+like+Gecko)+Chrome/74.0.3729.131+Safari/537.36 http://localhost:3000/line 200 0 0 402
2019-05-08 10:06:02 ::1 GET /api/line/edit/3/8/micros - 3000 - ::1 Mozilla/5.0+(Windows+NT+6.3;+Win64;+x64)+AppleWebKit/537.36+(KHTML,+like+Gecko)+Chrome/74.0.3729.131+Safari/537.36 http://localhost:3000/line 200 0 0 405
2019-05-08 10:06:12 ::1 GET /api/department/3/users - 3000 - ::1 Mozilla/5.0+(Windows+NT+6.3;+Win64;+x64)+AppleWebKit/537.36+(KHTML,+like+Gecko)+Chrome/74.0.3729.131+Safari/537.36 http://localhost:3000/line 200 0 0 170
2019-05-08 10:06:12 ::1 GET /api/line/edit/3/9/micros - 3000 - ::1 Mozilla/5.0+(Windows+NT+6.3;+Win64;+x64)+AppleWebKit/537.36+(KHTML,+like+Gecko)+Chrome/74.0.3729.131+Safari/537.36 http://localhost:3000/line 200 0 0 216
2019-05-08 10:06:19 ::1 PUT /api/line/9 - 3000 - ::1 Mozilla/5.0+(Windows+NT+6.3;+Win64;+x64)+AppleWebKit/537.36+(KHTML,+like+Gecko)+Chrome/74.0.3729.131+Safari/537.36 http://localhost:3000/line 200 0 0 261
2019-05-08 10:06:19 ::1 GET /api/line/ - 3000 - ::1 Mozilla/5.0+(Windows+NT+6.3;+Win64;+x64)+AppleWebKit/537.36+(KHTML,+like+Gecko)+Chrome/74.0.3729.131+Safari/537.36 http://localhost:3000/line 200 0 0 366
